2025-12-03 22:32:30 [INFO]: MongoDB Connected: localhost
2025-12-03 22:32:30 [INFO]: Server running in development mode on port 8000
2025-12-03 22:32:31 [INFO]: MongoDB Connected: localhost
2025-12-03 22:32:31 [INFO]: Server running in development mode on port 8000
2025-12-03 22:32:33 [INFO]: MongoDB Connected: localhost
2025-12-03 22:32:33 [INFO]: Server running in development mode on port 8000
2025-12-03 22:32:37 [INFO]: MongoDB Connected: localhost
2025-12-03 22:32:37 [INFO]: Server running in development mode on port 8000
2025-12-03 22:32:44 [INFO]: MongoDB Connected: localhost
2025-12-03 22:32:44 [INFO]: Server running in development mode on port 8000
2025-12-03 22:32:59 [INFO]: MongoDB Connected: localhost
2025-12-03 22:32:59 [INFO]: Server running in development mode on port 8000
2025-12-03 22:36:34 [INFO]: MongoDB Connected: localhost
2025-12-03 22:36:34 [INFO]: Server running in development mode on port 8000
2025-12-03 22:36:48 [INFO]: MongoDB Connected: localhost
2025-12-03 22:36:48 [INFO]: Server running in development mode on port 8000
2025-12-03 22:37:49 [INFO]: MongoDB Connected: localhost
2025-12-03 22:37:49 [INFO]: Server running in development mode on port 8000
2025-12-03 22:38:00 [INFO]: MongoDB Connected: localhost
2025-12-03 22:38:00 [INFO]: Server running in development mode on port 8000
2025-12-03 22:39:01 [INFO]: MongoDB Connected: localhost
2025-12-03 22:39:01 [INFO]: Server running in development mode on port 8000
2025-12-03 22:39:02 [INFO]: MongoDB Connected: localhost
2025-12-03 22:39:02 [INFO]: Server running in development mode on port 8000
2025-12-03 22:39:33 [INFO]: MongoDB Connected: localhost
2025-12-03 22:39:33 [INFO]: Server running in development mode on port 8000
2025-12-03 22:40:16 [INFO]: Email sent: <8ef62e38-8e21-d282-bdbd-e0b8149cd39d@gmail.com>
2025-12-03 22:45:11 [INFO]: MongoDB Connected: localhost
2025-12-03 22:45:11 [INFO]: Server running in development mode on port 8000
2025-12-03 22:45:22 [INFO]: MongoDB Connected: localhost
2025-12-03 22:45:22 [INFO]: Server running in development mode on port 8000
2025-12-03 22:46:32 [INFO]: Email sent: <89a0c98c-29e8-2ccd-de3d-a01dd23b4eb6@gmail.com>
2025-12-03 22:52:16 [INFO]: MongoDB Connected: localhost
2025-12-03 22:52:16 [INFO]: Server running in development mode on port 8000
2025-12-03 22:53:47 [INFO]: MongoDB Connected: localhost
2025-12-03 22:53:47 [INFO]: Server running in development mode on port 8000
2025-12-03 22:55:59 [INFO]: MongoDB Connected: localhost
2025-12-03 22:55:59 [INFO]: Server running in development mode on port 8000
2025-12-03 22:57:07 [INFO]: MongoDB Connected: localhost
2025-12-03 22:57:07 [INFO]: Server running in development mode on port 8000
2025-12-03 22:57:26 [INFO]: MongoDB Connected: localhost
2025-12-03 22:57:26 [INFO]: Server running in development mode on port 8000
2025-12-03 22:57:49 [INFO]: MongoDB Connected: localhost
2025-12-03 22:57:49 [INFO]: Server running in development mode on port 8000
2025-12-03 22:57:50 [INFO]: MongoDB Connected: localhost
2025-12-03 22:57:50 [INFO]: Server running in development mode on port 8000
2025-12-03 23:01:32 [INFO]: MongoDB Connected: localhost
2025-12-03 23:01:32 [INFO]: Server running in development mode on port 8000
2025-12-03 23:01:46 [INFO]: MongoDB Connected: localhost
2025-12-03 23:01:46 [INFO]: Server running in development mode on port 8000
2025-12-03 23:07:24 [INFO]: MongoDB Connected: localhost
2025-12-03 23:07:24 [INFO]: Server running in development mode on port 8000
2025-12-03 23:07:30 [INFO]: MongoDB Connected: localhost
2025-12-03 23:07:30 [INFO]: Server running in development mode on port 8000
2025-12-03 23:07:33 [INFO]: MongoDB Connected: localhost
2025-12-03 23:07:33 [INFO]: Server running in development mode on port 8000
2025-12-03 23:07:34 [INFO]: MongoDB Connected: localhost
2025-12-03 23:07:34 [INFO]: Server running in development mode on port 8000
2025-12-03 23:07:35 [INFO]: MongoDB Connected: localhost
2025-12-03 23:07:35 [INFO]: Server running in development mode on port 8000
2025-12-03 23:08:08 [INFO]: MongoDB Connected: localhost
2025-12-03 23:08:08 [INFO]: Server running in development mode on port 8000
2025-12-03 23:08:10 [INFO]: MongoDB Connected: localhost
2025-12-03 23:08:10 [INFO]: Server running in development mode on port 8000
2025-12-03 23:08:18 [INFO]: MongoDB Connected: localhost
2025-12-03 23:08:18 [INFO]: Server running in development mode on port 8000
2025-12-03 23:11:21 [INFO]: MongoDB Connected: localhost
2025-12-03 23:11:21 [INFO]: Server running in development mode on port 8000
2025-12-03 23:14:28 [INFO]: MongoDB Connected: localhost
2025-12-03 23:14:28 [INFO]: Server running in development mode on port 8000
2025-12-03 23:14:36 [INFO]: MongoDB Connected: localhost
2025-12-03 23:14:36 [INFO]: Server running in development mode on port 8000
2025-12-03 23:14:50 [INFO]: MongoDB Connected: localhost
2025-12-03 23:14:50 [INFO]: Server running in development mode on port 8000
2025-12-03 23:14:52 [INFO]: MongoDB Connected: localhost
2025-12-03 23:14:52 [INFO]: Server running in development mode on port 8000
2025-12-03 23:15:08 [INFO]: MongoDB Connected: localhost
2025-12-03 23:15:08 [INFO]: Server running in development mode on port 8000
2025-12-03 23:18:12 [INFO]: MongoDB Connected: localhost
2025-12-03 23:18:12 [INFO]: Server running in development mode on port 8000
2025-12-03 23:18:14 [INFO]: MongoDB Connected: localhost
2025-12-03 23:18:14 [INFO]: Server running in development mode on port 8000
2025-12-03 23:18:46 [INFO]: MongoDB Connected: localhost
2025-12-03 23:18:46 [INFO]: Server running in development mode on port 8000
2025-12-03 23:20:38 [INFO]: MongoDB Connected: localhost
2025-12-03 23:20:38 [INFO]: Server running in development mode on port 8000
2025-12-03 23:25:35 [INFO]: MongoDB Connected: localhost
2025-12-03 23:25:35 [INFO]: Server running in development mode on port 8000
2025-12-03 23:25:46 [INFO]: MongoDB Connected: localhost
2025-12-03 23:25:46 [INFO]: Server running in development mode on port 8000
2025-12-03 23:25:48 [INFO]: MongoDB Connected: localhost
2025-12-03 23:25:48 [INFO]: Server running in development mode on port 8000
2025-12-03 23:27:19 [INFO]: MongoDB Connected: localhost
2025-12-03 23:27:19 [INFO]: Server running in development mode on port 8000
2025-12-03 23:29:41 [INFO]: MongoDB Connected: localhost
2025-12-03 23:29:41 [INFO]: Server running in development mode on port 8000
2025-12-03 23:29:43 [INFO]: MongoDB Connected: localhost
2025-12-03 23:29:43 [INFO]: Server running in development mode on port 8000
2025-12-03 23:30:54 [INFO]: MongoDB Connected: localhost
2025-12-03 23:30:54 [INFO]: Server running in development mode on port 8000
2025-12-03 23:31:01 [INFO]: MongoDB Connected: localhost
2025-12-03 23:31:01 [INFO]: Server running in development mode on port 8000
2025-12-03 23:32:03 [INFO]: MongoDB Connected: localhost
2025-12-03 23:32:03 [INFO]: Server running in development mode on port 8000
2025-12-03 23:32:25 [INFO]: MongoDB Connected: localhost
2025-12-03 23:32:25 [INFO]: Server running in development mode on port 8000
2025-12-03 23:32:33 [INFO]: MongoDB Connected: localhost
2025-12-03 23:32:33 [INFO]: Server running in development mode on port 8000
2025-12-03 23:33:53 [INFO]: MongoDB Connected: localhost
2025-12-03 23:33:53 [INFO]: Server running in development mode on port 8000
2025-12-03 23:35:01 [INFO]: MongoDB Connected: localhost
2025-12-03 23:35:01 [INFO]: Server running in development mode on port 8000
2025-12-03 23:38:34 [INFO]: MongoDB Connected: localhost
2025-12-03 23:38:34 [INFO]: Server running in development mode on port 8000
2025-12-03 23:38:34 [INFO]: MongoDB Connected: localhost
2025-12-03 23:38:34 [INFO]: Server running in development mode on port 8000
2025-12-03 23:38:43 [INFO]: MongoDB Connected: localhost
2025-12-03 23:38:43 [INFO]: Server running in development mode on port 8000
2025-12-03 23:41:11 [INFO]: MongoDB Connected: localhost
2025-12-03 23:41:11 [INFO]: Server running in development mode on port 8000
2025-12-03 23:41:26 [INFO]: MongoDB Connected: localhost
2025-12-03 23:41:26 [INFO]: Server running in development mode on port 8000
2025-12-03 23:41:55 [INFO]: MongoDB Connected: localhost
2025-12-03 23:41:55 [INFO]: Server running in development mode on port 8000
2025-12-03 23:42:11 [INFO]: MongoDB Connected: localhost
2025-12-03 23:42:11 [INFO]: Server running in development mode on port 8000
2025-12-03 23:42:29 [INFO]: MongoDB Connected: localhost
2025-12-03 23:42:29 [INFO]: Server running in development mode on port 8000
2025-12-03 23:45:04 [INFO]: Email sent: <3acf26da-a7bb-a06b-d6cd-8c61a03a9a6b@gmail.com>
2025-12-03 23:49:15 [INFO]: MongoDB Connected: localhost
2025-12-03 23:49:15 [INFO]: Server running in development mode on port 8000
2025-12-03 23:49:40 [INFO]: MongoDB Connected: localhost
2025-12-03 23:49:40 [INFO]: Server running in development mode on port 8000
2025-12-03 23:49:53 [INFO]: MongoDB Connected: localhost
2025-12-03 23:49:53 [INFO]: Server running in development mode on port 8000
2025-12-03 23:49:54 [INFO]: MongoDB Connected: localhost
2025-12-03 23:49:54 [INFO]: Server running in development mode on port 8000
2025-12-03 23:50:16 [INFO]: MongoDB Connected: localhost
2025-12-03 23:50:16 [INFO]: Server running in development mode on port 8000
2025-12-03 23:50:27 [INFO]: MongoDB Connected: localhost
2025-12-03 23:50:27 [INFO]: Server running in development mode on port 8000
2025-12-03 23:50:32 [INFO]: MongoDB Connected: localhost
2025-12-03 23:50:32 [INFO]: Server running in development mode on port 8000
2025-12-03 23:50:36 [INFO]: MongoDB Connected: localhost
2025-12-03 23:50:36 [INFO]: Server running in development mode on port 8000
2025-12-03 23:51:44 [INFO]: MongoDB Connected: localhost
2025-12-03 23:51:44 [INFO]: Server running in development mode on port 8000
2025-12-03 23:51:58 [INFO]: MongoDB Connected: localhost
2025-12-03 23:51:58 [INFO]: Server running in development mode on port 8000
2025-12-03 23:56:29 [INFO]: MongoDB Connected: localhost
2025-12-03 23:56:29 [INFO]: Server running in development mode on port 8000
2025-12-03 23:58:35 [INFO]: MongoDB Connected: localhost
2025-12-03 23:58:35 [INFO]: Server running in development mode on port 8000
2025-12-03 23:59:04 [INFO]: MongoDB Connected: localhost
2025-12-03 23:59:04 [INFO]: Server running in development mode on port 8000
2025-12-03 23:59:50 [INFO]: Email sent: <33a23436-7e5b-7e9c-5680-ce5a33fdb784@gmail.com>
2025-12-04 00:06:06 [INFO]: MongoDB Connected: localhost
2025-12-04 00:06:06 [INFO]: Server running in development mode on port 8000
2025-12-04 00:06:44 [INFO]: MongoDB Connected: localhost
2025-12-04 00:06:44 [INFO]: Server running in development mode on port 8000
2025-12-04 00:07:50 [INFO]: MongoDB Connected: localhost
2025-12-04 00:07:50 [INFO]: Server running in development mode on port 8000
2025-12-04 00:08:00 [INFO]: MongoDB Connected: localhost
2025-12-04 00:08:00 [INFO]: Server running in development mode on port 8000
2025-12-04 00:14:04 [INFO]: MongoDB Connected: localhost
2025-12-04 00:14:04 [INFO]: Server running in development mode on port 8000
2025-12-04 00:14:05 [INFO]: MongoDB Connected: localhost
2025-12-04 00:14:05 [INFO]: Server running in development mode on port 8000
2025-12-04 00:24:28 [ERROR]: Not Found - /uploads/935f3dd8-cd63-4e9e-962d-196262a10516.jpg - /uploads/935f3dd8-cd63-4e9e-962d-196262a10516.jpg - GET - ::1
2025-12-04 00:24:33 [ERROR]: Not Found - /uploads/935f3dd8-cd63-4e9e-962d-196262a10516.jpg - /uploads/935f3dd8-cd63-4e9e-962d-196262a10516.jpg - GET - ::1
2025-12-04 00:26:08 [ERROR]: Not Found - /uploads/d3f27937-196a-4bba-8ae2-15b443446b99.jpg - /uploads/d3f27937-196a-4bba-8ae2-15b443446b99.jpg - GET - ::1
2025-12-04 00:26:12 [ERROR]: Not Found - /uploads/d3f27937-196a-4bba-8ae2-15b443446b99.jpg - /uploads/d3f27937-196a-4bba-8ae2-15b443446b99.jpg - GET - ::1
2025-12-04 00:26:51 [ERROR]: Not Found - /uploads/d3f27937-196a-4bba-8ae2-15b443446b99.jpg - /uploads/d3f27937-196a-4bba-8ae2-15b443446b99.jpg - GET - ::1
2025-12-04 00:30:56 [ERROR]: Not Found - /uploads/d3f27937-196a-4bba-8ae2-15b443446b99.jpg - /uploads/d3f27937-196a-4bba-8ae2-15b443446b99.jpg - GET - ::1
2025-12-04 00:36:14 [INFO]: MongoDB Connected: localhost
2025-12-04 00:36:14 [INFO]: Server running in development mode on port 8000
2025-12-04 00:36:15 [INFO]: MongoDB Connected: localhost
2025-12-04 00:36:15 [INFO]: Server running in development mode on port 8000
2025-12-04 00:37:03 [INFO]: MongoDB Connected: localhost
2025-12-04 00:37:03 [INFO]: Server running in development mode on port 8000
2025-12-04 00:37:16 [INFO]: MongoDB Connected: localhost
2025-12-04 00:37:16 [INFO]: Server running in development mode on port 8000
2025-12-04 00:37:51 [INFO]: MongoDB Connected: localhost
2025-12-04 00:37:51 [INFO]: Server running in development mode on port 8000
2025-12-04 00:38:47 [INFO]: Add manual expense request body: {"member":"6930233a86d88ec903f82262","event":"692fef66ed08b2042c749c6a","category":"food_refreshments","amount":"50000","date":"2025-02-03","paymentMode":"cash","description":"","notes":"","status":"approved"}
2025-12-04 00:41:34 [INFO]: MongoDB Connected: localhost
2025-12-04 00:41:34 [INFO]: Server running in development mode on port 8000
2025-12-04 00:41:58 [INFO]: MongoDB Connected: localhost
2025-12-04 00:41:58 [INFO]: Server running in development mode on port 8000
2025-12-04 00:43:14 [INFO]: Add manual expense request body: {"member":"6930233a86d88ec903f82262","event":"692fef66ed08b2042c749c6a","category":"food_refreshments","amount":"50000","date":"2025-04-12","paymentMode":"cash","description":"","notes":"","status":"approved"}
2025-12-04 00:47:39 [INFO]: Email sent: <026433bd-3113-5419-4875-3f821ef29dbb@gmail.com>
2025-12-04 01:09:46 [INFO]: MongoDB Connected: localhost
2025-12-04 01:09:46 [INFO]: Server running in development mode on port 8000
2025-12-04 01:10:50 [INFO]: MongoDB Connected: localhost
2025-12-04 01:10:50 [INFO]: Server running in development mode on port 8000
2025-12-04 01:10:53 [INFO]: MongoDB Connected: localhost
2025-12-04 01:10:53 [INFO]: Server running in development mode on port 8000
2025-12-04 01:11:32 [INFO]: MongoDB Connected: localhost
2025-12-04 01:11:32 [INFO]: Server running in development mode on port 8000
2025-12-04 01:13:46 [INFO]: Email sent: <f0ee92f0-e665-f1a6-bc66-eaae8ba04a01@gmail.com>
2025-12-04 01:17:36 [INFO]: MongoDB Connected: localhost
2025-12-04 01:17:36 [INFO]: Server running in development mode on port 8000
2025-12-04 01:19:47 [INFO]: Email sent: <62956b1c-b899-1f4e-0f40-5230c5b26b93@gmail.com>
2025-12-04 01:21:23 [INFO]: Email sent: <a9870127-b9bd-d2a4-2835-70ac8f0e2c49@gmail.com>
2025-12-04 01:36:41 [INFO]: MongoDB Connected: localhost
2025-12-04 01:36:41 [INFO]: Server running in development mode on port 8000
2025-12-04 01:36:43 [INFO]: MongoDB Connected: localhost
2025-12-04 01:36:43 [INFO]: Server running in development mode on port 8000
2025-12-04 01:36:47 [INFO]: MongoDB Connected: localhost
2025-12-04 01:36:47 [WARN]: Missing president credentials in .env (PRESIDENT_EMAIL, PRESIDENT_PASSWORD)
2025-12-04 01:36:47 [WARN]: Missing secretary credentials in .env (SECRETARY_EMAIL, SECRETARY_PASSWORD)
2025-12-04 01:36:47 [WARN]: Missing treasurer credentials in .env (TREASURER_EMAIL, TREASURER_PASSWORD)
2025-12-04 01:36:47 [INFO]: Admin credentials sync completed
2025-12-04 01:36:47 [INFO]: Server running in development mode on port 8000
2025-12-04 01:37:02 [INFO]: MongoDB Connected: localhost
2025-12-04 01:37:02 [WARN]: Missing president credentials in .env (PRESIDENT_EMAIL, PRESIDENT_PASSWORD)
2025-12-04 01:37:02 [WARN]: Missing secretary credentials in .env (SECRETARY_EMAIL, SECRETARY_PASSWORD)
2025-12-04 01:37:02 [WARN]: Missing treasurer credentials in .env (TREASURER_EMAIL, TREASURER_PASSWORD)
2025-12-04 01:37:02 [INFO]: Admin credentials sync completed
2025-12-04 01:37:02 [INFO]: Server running in development mode on port 8000
2025-12-04 01:37:06 [INFO]: MongoDB Connected: localhost
2025-12-04 01:37:06 [WARN]: Missing president credentials in .env (PRESIDENT_EMAIL, PRESIDENT_PASSWORD)
2025-12-04 01:37:06 [WARN]: Missing secretary credentials in .env (SECRETARY_EMAIL, SECRETARY_PASSWORD)
2025-12-04 01:37:06 [WARN]: Missing treasurer credentials in .env (TREASURER_EMAIL, TREASURER_PASSWORD)
2025-12-04 01:37:06 [INFO]: Admin credentials sync completed
2025-12-04 01:37:06 [INFO]: Server running in development mode on port 8000
2025-12-04 01:37:08 [INFO]: MongoDB Connected: localhost
2025-12-04 01:37:08 [WARN]: Missing president credentials in .env (PRESIDENT_EMAIL, PRESIDENT_PASSWORD)
2025-12-04 01:37:08 [WARN]: Missing secretary credentials in .env (SECRETARY_EMAIL, SECRETARY_PASSWORD)
2025-12-04 01:37:08 [WARN]: Missing treasurer credentials in .env (TREASURER_EMAIL, TREASURER_PASSWORD)
2025-12-04 01:37:08 [INFO]: Admin credentials sync completed
2025-12-04 01:37:08 [INFO]: Server running in development mode on port 8000
2025-12-04 01:37:11 [INFO]: MongoDB Connected: localhost
2025-12-04 01:37:11 [WARN]: Missing president credentials in .env (PRESIDENT_EMAIL, PRESIDENT_PASSWORD)
2025-12-04 01:37:11 [WARN]: Missing secretary credentials in .env (SECRETARY_EMAIL, SECRETARY_PASSWORD)
2025-12-04 01:37:11 [WARN]: Missing treasurer credentials in .env (TREASURER_EMAIL, TREASURER_PASSWORD)
2025-12-04 01:37:11 [INFO]: Admin credentials sync completed
2025-12-04 01:37:11 [INFO]: Server running in development mode on port 8000
2025-12-04 01:37:22 [INFO]: MongoDB Connected: localhost
2025-12-04 01:37:22 [WARN]: Missing president credentials in .env (PRESIDENT_EMAIL, PRESIDENT_PASSWORD)
2025-12-04 01:37:22 [WARN]: Missing secretary credentials in .env (SECRETARY_EMAIL, SECRETARY_PASSWORD)
2025-12-04 01:37:22 [WARN]: Missing treasurer credentials in .env (TREASURER_EMAIL, TREASURER_PASSWORD)
2025-12-04 01:37:22 [INFO]: Admin credentials sync completed
2025-12-04 01:37:22 [INFO]: Server running in development mode on port 8000
2025-12-04 01:37:23 [INFO]: MongoDB Connected: localhost
2025-12-04 01:37:23 [WARN]: Missing president credentials in .env (PRESIDENT_EMAIL, PRESIDENT_PASSWORD)
2025-12-04 01:37:23 [WARN]: Missing secretary credentials in .env (SECRETARY_EMAIL, SECRETARY_PASSWORD)
2025-12-04 01:37:23 [WARN]: Missing treasurer credentials in .env (TREASURER_EMAIL, TREASURER_PASSWORD)
2025-12-04 01:37:23 [WARN]: Missing joint_secretary credentials in .env (JOINT_SECRETARY_EMAIL, JOINT_SECRETARY_PASSWORD)
2025-12-04 01:37:23 [INFO]: Admin credentials sync completed
2025-12-04 01:37:23 [INFO]: Server running in development mode on port 8000
2025-12-04 01:37:31 [INFO]: MongoDB Connected: localhost
2025-12-04 01:37:31 [WARN]: Missing president credentials in .env (PRESIDENT_EMAIL, PRESIDENT_PASSWORD)
2025-12-04 01:37:31 [WARN]: Missing secretary credentials in .env (SECRETARY_EMAIL, SECRETARY_PASSWORD)
2025-12-04 01:37:31 [WARN]: Missing treasurer credentials in .env (TREASURER_EMAIL, TREASURER_PASSWORD)
2025-12-04 01:37:31 [WARN]: Missing joint_secretary credentials in .env (JOINT_SECRETARY_EMAIL, JOINT_SECRETARY_PASSWORD)
2025-12-04 01:37:31 [INFO]: Admin credentials sync completed
2025-12-04 01:37:31 [INFO]: Server running in development mode on port 8000
2025-12-04 01:37:47 [INFO]: MongoDB Connected: localhost
2025-12-04 01:37:47 [WARN]: Missing president credentials in .env (PRESIDENT_EMAIL, PRESIDENT_PASSWORD)
2025-12-04 01:37:47 [WARN]: Missing secretary credentials in .env (SECRETARY_EMAIL, SECRETARY_PASSWORD)
2025-12-04 01:37:47 [WARN]: Missing treasurer credentials in .env (TREASURER_EMAIL, TREASURER_PASSWORD)
2025-12-04 01:37:47 [WARN]: Missing joint_secretary credentials in .env (JOINT_SECRETARY_EMAIL, JOINT_SECRETARY_PASSWORD)
2025-12-04 01:37:47 [INFO]: Admin credentials sync completed
2025-12-04 01:37:47 [INFO]: Server running in development mode on port 8000
2025-12-04 01:37:49 [INFO]: MongoDB Connected: localhost
2025-12-04 01:37:49 [WARN]: Missing president credentials in .env (PRESIDENT_EMAIL, PRESIDENT_PASSWORD)
2025-12-04 01:37:49 [WARN]: Missing secretary credentials in .env (SECRETARY_EMAIL, SECRETARY_PASSWORD)
2025-12-04 01:37:49 [WARN]: Missing treasurer credentials in .env (TREASURER_EMAIL, TREASURER_PASSWORD)
2025-12-04 01:37:49 [WARN]: Missing joint_secretary credentials in .env (JOINT_SECRETARY_EMAIL, JOINT_SECRETARY_PASSWORD)
2025-12-04 01:37:49 [INFO]: Admin credentials sync completed
2025-12-04 01:37:49 [INFO]: Server running in development mode on port 8000
2025-12-04 01:38:45 [INFO]: MongoDB Connected: localhost
2025-12-04 01:38:45 [WARN]: Missing president credentials in .env (PRESIDENT_EMAIL, PRESIDENT_PASSWORD)
2025-12-04 01:38:45 [WARN]: Missing secretary credentials in .env (SECRETARY_EMAIL, SECRETARY_PASSWORD)
2025-12-04 01:38:45 [WARN]: Missing treasurer credentials in .env (TREASURER_EMAIL, TREASURER_PASSWORD)
2025-12-04 01:38:45 [WARN]: Missing joint_secretary credentials in .env (JOINT_SECRETARY_EMAIL, JOINT_SECRETARY_PASSWORD)
2025-12-04 01:38:45 [INFO]: Admin credentials sync completed
2025-12-04 01:38:45 [INFO]: Server running in development mode on port 8000
2025-12-04 01:42:36 [INFO]: MongoDB Connected: localhost
2025-12-04 01:42:36 [ERROR]: Error syncing admin credentials: User validation failed: phone: Please provide a valid Indian phone number
2025-12-04 01:42:36 [ERROR]: Failed to sync admin credentials on startup: User validation failed: phone: Please provide a valid Indian phone number
2025-12-04 01:42:36 [INFO]: Server running in development mode on port 8000
2025-12-04 01:44:02 [INFO]: MongoDB Connected: localhost
2025-12-04 01:44:02 [ERROR]: Error syncing admin credentials: User validation failed: phone: Please provide a valid Indian phone number
2025-12-04 01:44:02 [ERROR]: Failed to sync admin credentials on startup: User validation failed: phone: Please provide a valid Indian phone number
2025-12-04 01:44:02 [INFO]: Server running in development mode on port 8000
2025-12-04 01:47:32 [INFO]: MongoDB Connected: localhost
2025-12-04 01:47:32 [INFO]: Starting admin credentials sync...
2025-12-04 01:47:32 [INFO]: Checking environment variables...
2025-12-04 01:47:32 [INFO]: Found env keys: PRESIDENT_EMAIL, PRESIDENT_PASSWORD, SECRETARY_EMAIL, SECRETARY_PASSWORD, TREASURER_EMAIL, TREASURER_PASSWORD, JOINT_SECRETARY_EMAIL, JOINT_SECRETARY_PASSWORD
2025-12-04 01:47:32 [INFO]: Checking president: PRESIDENT_EMAIL=SET, PRESIDENT_PASSWORD=SET
2025-12-04 01:47:32 [ERROR]: Error syncing admin credentials: User validation failed: phone: Please provide a valid Indian phone number
2025-12-04 01:47:32 [ERROR]: Failed to sync admin credentials on startup: User validation failed: phone: Please provide a valid Indian phone number
2025-12-04 01:47:32 [INFO]: Server running in development mode on port 8000
2025-12-04 01:47:58 [INFO]: MongoDB Connected: localhost
2025-12-04 01:47:58 [INFO]: Starting admin credentials sync...
2025-12-04 01:47:58 [INFO]: Found env keys: PRESIDENT_EMAIL, PRESIDENT_PASSWORD, SECRETARY_EMAIL, SECRETARY_PASSWORD, TREASURER_EMAIL, TREASURER_PASSWORD, JOINT_SECRETARY_EMAIL, JOINT_SECRETARY_PASSWORD
2025-12-04 01:47:58 [INFO]: Syncing president with email: president@rotaractclub.com
2025-12-04 01:47:58 [ERROR]: Error syncing admin credentials: User validation failed: phone: Please provide a valid Indian phone number
2025-12-04 01:47:58 [ERROR]: Failed to sync admin credentials on startup: User validation failed: phone: Please provide a valid Indian phone number
2025-12-04 01:47:58 [INFO]: Server running in development mode on port 8000
2025-12-04 01:48:05 [INFO]: MongoDB Connected: localhost
2025-12-04 01:48:05 [INFO]: Starting admin credentials sync...
2025-12-04 01:48:05 [INFO]: Found env keys: PRESIDENT_EMAIL, PRESIDENT_PASSWORD, SECRETARY_EMAIL, SECRETARY_PASSWORD, TREASURER_EMAIL, TREASURER_PASSWORD, JOINT_SECRETARY_EMAIL, JOINT_SECRETARY_PASSWORD
2025-12-04 01:48:05 [INFO]: Syncing president with email: president@rotaractclub.com
2025-12-04 01:48:05 [ERROR]: Error syncing admin credentials: User validation failed: phone: Please provide a valid Indian phone number
2025-12-04 01:48:05 [ERROR]: Failed to sync admin credentials on startup: User validation failed: phone: Please provide a valid Indian phone number
2025-12-04 01:48:05 [INFO]: Server running in development mode on port 8000
2025-12-04 01:48:28 [INFO]: MongoDB Connected: localhost
2025-12-04 01:48:28 [INFO]: Attempting to sync admin credentials...
2025-12-04 01:48:29 [INFO]: Starting admin credentials sync...
2025-12-04 01:48:29 [INFO]: Found env keys: PRESIDENT_EMAIL, PRESIDENT_PASSWORD, SECRETARY_EMAIL, SECRETARY_PASSWORD, TREASURER_EMAIL, TREASURER_PASSWORD, JOINT_SECRETARY_EMAIL, JOINT_SECRETARY_PASSWORD
2025-12-04 01:48:29 [INFO]: Syncing president with email: president@rotaractclub.com
2025-12-04 01:48:29 [ERROR]: Error syncing admin credentials: User validation failed: phone: Please provide a valid Indian phone number
2025-12-04 01:48:29 [ERROR]: Failed to sync admin credentials on startup: User validation failed: phone: Please provide a valid Indian phone number
2025-12-04 01:48:29 [ERROR]: Error stack: ValidationError: User validation failed: phone: Please provide a valid Indian phone number
    at Document.invalidate (/Users/senthilnathanr/Downloads/rotaract-club-backend/backend/node_modules/mongoose/lib/document.js:3362:32)
    at /Users/senthilnathanr/Downloads/rotaract-club-backend/backend/node_modules/mongoose/lib/document.js:3123:17
    at /Users/senthilnathanr/Downloads/rotaract-club-backend/backend/node_modules/mongoose/lib/schemaType.js:1446:9
    at process.processTicksAndRejections (node:internal/process/task_queues:77:11)
2025-12-04 01:48:29 [INFO]: Server running in development mode on port 8000
2025-12-04 01:48:45 [INFO]: MongoDB Connected: localhost
2025-12-04 01:48:45 [INFO]: Attempting to sync admin credentials...
2025-12-04 01:48:46 [INFO]: Starting admin credentials sync...
2025-12-04 01:48:46 [INFO]: Found env keys: PRESIDENT_EMAIL, PRESIDENT_PASSWORD, SECRETARY_EMAIL, SECRETARY_PASSWORD, TREASURER_EMAIL, TREASURER_PASSWORD, JOINT_SECRETARY_EMAIL, JOINT_SECRETARY_PASSWORD
2025-12-04 01:48:46 [INFO]: Syncing president with email: president@rotaractclub.com
2025-12-04 01:48:46 [ERROR]: Error syncing admin credentials: User validation failed: phone: Please provide a valid Indian phone number
2025-12-04 01:48:46 [ERROR]: Failed to sync admin credentials on startup: User validation failed: phone: Please provide a valid Indian phone number
2025-12-04 01:48:46 [ERROR]: Error stack: ValidationError: User validation failed: phone: Please provide a valid Indian phone number
    at Document.invalidate (/Users/senthilnathanr/Downloads/rotaract-club-backend/backend/node_modules/mongoose/lib/document.js:3362:32)
    at /Users/senthilnathanr/Downloads/rotaract-club-backend/backend/node_modules/mongoose/lib/document.js:3123:17
    at /Users/senthilnathanr/Downloads/rotaract-club-backend/backend/node_modules/mongoose/lib/schemaType.js:1446:9
    at process.processTicksAndRejections (node:internal/process/task_queues:77:11)
2025-12-04 01:48:46 [INFO]: Server running in development mode on port 8000
2025-12-04 01:48:55 [INFO]: MongoDB Connected: localhost
2025-12-04 01:48:55 [INFO]: Attempting to sync admin credentials...
2025-12-04 01:48:55 [INFO]: Starting admin credentials sync...
2025-12-04 01:48:55 [INFO]: Found env keys: PRESIDENT_EMAIL, PRESIDENT_PASSWORD, SECRETARY_EMAIL, SECRETARY_PASSWORD, TREASURER_EMAIL, TREASURER_PASSWORD, JOINT_SECRETARY_EMAIL, JOINT_SECRETARY_PASSWORD
2025-12-04 01:48:55 [INFO]: Syncing president with email: president@rotaractclub.com
2025-12-04 01:48:55 [ERROR]: Error syncing admin credentials: User validation failed: phone: Please provide a valid Indian phone number
2025-12-04 01:48:55 [ERROR]: Failed to sync admin credentials on startup: User validation failed: phone: Please provide a valid Indian phone number
2025-12-04 01:48:55 [ERROR]: Error stack: ValidationError: User validation failed: phone: Please provide a valid Indian phone number
    at Document.invalidate (/Users/senthilnathanr/Downloads/rotaract-club-backend/backend/node_modules/mongoose/lib/document.js:3362:32)
    at /Users/senthilnathanr/Downloads/rotaract-club-backend/backend/node_modules/mongoose/lib/document.js:3123:17
    at /Users/senthilnathanr/Downloads/rotaract-club-backend/backend/node_modules/mongoose/lib/schemaType.js:1446:9
    at process.processTicksAndRejections (node:internal/process/task_queues:77:11)
2025-12-04 01:48:55 [INFO]: Server running in development mode on port 8000
2025-12-04 01:49:53 [INFO]: MongoDB Connected: localhost
2025-12-04 01:49:53 [INFO]: Attempting to sync admin credentials...
2025-12-04 01:49:53 [INFO]: Starting admin credentials sync...
2025-12-04 01:49:53 [INFO]: Found env keys: PRESIDENT_EMAIL, PRESIDENT_PASSWORD, SECRETARY_EMAIL, SECRETARY_PASSWORD, TREASURER_EMAIL, TREASURER_PASSWORD, JOINT_SECRETARY_EMAIL, JOINT_SECRETARY_PASSWORD
2025-12-04 01:49:53 [INFO]: Syncing president with email: president@rotaractclub.com
2025-12-04 01:49:53 [ERROR]: Error syncing admin credentials: User validation failed: phone: Please provide a valid Indian phone number
2025-12-04 01:49:53 [ERROR]: Failed to sync admin credentials on startup: User validation failed: phone: Please provide a valid Indian phone number
2025-12-04 01:49:53 [ERROR]: Error stack: ValidationError: User validation failed: phone: Please provide a valid Indian phone number
    at Document.invalidate (/Users/senthilnathanr/Downloads/rotaract-club-backend/backend/node_modules/mongoose/lib/document.js:3362:32)
    at /Users/senthilnathanr/Downloads/rotaract-club-backend/backend/node_modules/mongoose/lib/document.js:3123:17
    at /Users/senthilnathanr/Downloads/rotaract-club-backend/backend/node_modules/mongoose/lib/schemaType.js:1446:9
    at process.processTicksAndRejections (node:internal/process/task_queues:77:11)
2025-12-04 01:49:53 [INFO]: Server running in development mode on port 8000
2025-12-04 08:04:08 [INFO]: MongoDB Connected: localhost
2025-12-04 08:04:08 [INFO]: Attempting to sync admin credentials...
2025-12-04 08:04:10 [INFO]: MongoDB Connected: localhost
2025-12-04 08:04:10 [ERROR]: Error syncing admin credentials: User validation failed: phone: Please provide a valid Indian phone number
2025-12-04 08:04:10 [ERROR]: Failed to sync admin credentials on startup: User validation failed: phone: Please provide a valid Indian phone number
2025-12-04 08:04:10 [INFO]: Server running in development mode on port 8000
2025-12-04 08:04:42 [INFO]: MongoDB Connected: localhost
2025-12-04 08:04:42 [INFO]: Attempting to sync admin credentials...
2025-12-04 08:04:42 [INFO]: Starting admin credentials sync...
2025-12-04 08:04:42 [INFO]: Found env keys: PRESIDENT_EMAIL, PRESIDENT_PASSWORD, SECRETARY_EMAIL, SECRETARY_PASSWORD, TREASURER_EMAIL, TREASURER_PASSWORD, JOINT_SECRETARY_EMAIL, JOINT_SECRETARY_PASSWORD
2025-12-04 08:04:42 [INFO]: Syncing president with email: president@rotaractclub.com
2025-12-04 08:04:42 [ERROR]: Error syncing admin credentials: User validation failed: phone: Please provide a valid Indian phone number
2025-12-04 08:04:42 [ERROR]: Failed to sync admin credentials on startup: User validation failed: phone: Please provide a valid Indian phone number
2025-12-04 08:04:42 [ERROR]: Error stack: ValidationError: User validation failed: phone: Please provide a valid Indian phone number
    at Document.invalidate (/Users/senthilnathanr/Downloads/rotaract-club-backend/backend/node_modules/mongoose/lib/document.js:3362:32)
    at /Users/senthilnathanr/Downloads/rotaract-club-backend/backend/node_modules/mongoose/lib/document.js:3123:17
    at /Users/senthilnathanr/Downloads/rotaract-club-backend/backend/node_modules/mongoose/lib/schemaType.js:1446:9
    at process.processTicksAndRejections (node:internal/process/task_queues:77:11)
2025-12-04 08:04:42 [INFO]: Server running in development mode on port 8000
2025-12-04 08:04:47 [INFO]: MongoDB Connected: localhost
2025-12-04 08:04:47 [INFO]: Attempting to sync admin credentials...
2025-12-04 08:04:48 [INFO]: Starting admin credentials sync...
2025-12-04 08:04:48 [INFO]: Found env keys: PRESIDENT_EMAIL, PRESIDENT_PASSWORD, SECRETARY_EMAIL, SECRETARY_PASSWORD, TREASURER_EMAIL, TREASURER_PASSWORD, JOINT_SECRETARY_EMAIL, JOINT_SECRETARY_PASSWORD
2025-12-04 08:04:48 [INFO]: Syncing president with email: president@rotaractclub.com
2025-12-04 08:04:48 [ERROR]: Error syncing admin credentials: User validation failed: phone: Please provide a valid Indian phone number
2025-12-04 08:04:48 [ERROR]: Failed to sync admin credentials on startup: User validation failed: phone: Please provide a valid Indian phone number
2025-12-04 08:04:48 [ERROR]: Error stack: ValidationError: User validation failed: phone: Please provide a valid Indian phone number
    at Document.invalidate (/Users/senthilnathanr/Downloads/rotaract-club-backend/backend/node_modules/mongoose/lib/document.js:3362:32)
    at /Users/senthilnathanr/Downloads/rotaract-club-backend/backend/node_modules/mongoose/lib/document.js:3123:17
    at /Users/senthilnathanr/Downloads/rotaract-club-backend/backend/node_modules/mongoose/lib/schemaType.js:1446:9
    at process.processTicksAndRejections (node:internal/process/task_queues:77:11)
2025-12-04 08:04:48 [INFO]: Server running in development mode on port 8000
2025-12-04 08:04:48 [INFO]: MongoDB Connected: localhost
2025-12-04 08:04:48 [INFO]: Attempting to sync admin credentials...
2025-12-04 08:04:49 [INFO]: Starting admin credentials sync...
2025-12-04 08:04:49 [INFO]: Found env keys: PRESIDENT_EMAIL, PRESIDENT_PASSWORD, SECRETARY_EMAIL, SECRETARY_PASSWORD, TREASURER_EMAIL, TREASURER_PASSWORD, JOINT_SECRETARY_EMAIL, JOINT_SECRETARY_PASSWORD
2025-12-04 08:04:49 [INFO]: Syncing president with email: president@rotaractclub.com
2025-12-04 08:04:49 [ERROR]: Error syncing admin credentials: User validation failed: phone: Please provide a valid Indian phone number
2025-12-04 08:04:49 [ERROR]: Failed to sync admin credentials on startup: User validation failed: phone: Please provide a valid Indian phone number
2025-12-04 08:04:49 [ERROR]: Error stack: ValidationError: User validation failed: phone: Please provide a valid Indian phone number
    at Document.invalidate (/Users/senthilnathanr/Downloads/rotaract-club-backend/backend/node_modules/mongoose/lib/document.js:3362:32)
    at /Users/senthilnathanr/Downloads/rotaract-club-backend/backend/node_modules/mongoose/lib/document.js:3123:17
    at /Users/senthilnathanr/Downloads/rotaract-club-backend/backend/node_modules/mongoose/lib/schemaType.js:1446:9
    at process.processTicksAndRejections (node:internal/process/task_queues:77:11)
2025-12-04 08:04:49 [INFO]: Server running in development mode on port 8000
2025-12-04 08:04:53 [INFO]: MongoDB Connected: localhost
2025-12-04 08:04:53 [INFO]: Server running in development mode on port 8000
2025-12-04 08:05:02 [INFO]: MongoDB Connected: localhost
2025-12-04 08:05:02 [INFO]: Server running in development mode on port 8000
2025-12-04 08:10:23 [INFO]: MongoDB Connected: localhost
2025-12-04 08:10:23 [INFO]: Server running in development mode on port 8000
2025-12-04 08:10:33 [INFO]: MongoDB Connected: localhost
2025-12-04 08:10:33 [INFO]: Server running in development mode on port 8000
2025-12-04 08:10:54 [INFO]: MongoDB Connected: localhost
2025-12-04 08:10:54 [INFO]: Server running in development mode on port 8000
2025-12-04 08:10:58 [INFO]: MongoDB Connected: localhost
2025-12-04 08:10:58 [INFO]: Server running in development mode on port 8000
2025-12-04 08:11:01 [INFO]: MongoDB Connected: localhost
2025-12-04 08:11:01 [INFO]: Server running in development mode on port 8000
2025-12-04 08:11:03 [INFO]: MongoDB Connected: localhost
2025-12-04 08:11:03 [INFO]: Server running in development mode on port 8000
2025-12-04 08:11:17 [INFO]: MongoDB Connected: localhost
2025-12-04 08:11:17 [INFO]: Server running in development mode on port 8000
2025-12-04 08:11:21 [INFO]: MongoDB Connected: localhost
2025-12-04 08:11:21 [INFO]: Server running in development mode on port 8000
2025-12-04 08:11:27 [INFO]: MongoDB Connected: localhost
2025-12-04 08:11:27 [INFO]: Starting admin user sync...
2025-12-04 08:11:27 [INFO]: Created admin user: president (president@rotaractclub.com)
2025-12-04 08:11:27 [INFO]: Updated admin user: secretary (senthilragunathan2004@gmail.com)
2025-12-04 08:11:28 [INFO]: Created admin user: joint_secretary (jointsecretary@rotaractclub.com)
2025-12-04 08:11:28 [INFO]: Created admin user: treasurer (treasurer@rotaractclub.com)
2025-12-04 08:11:28 [INFO]: Revoked admin status from: senthilragunatha@gmail.com (secretary)
2025-12-04 08:11:28 [INFO]: Admin user sync completed
2025-12-04 08:11:28 [INFO]: Server running in development mode on port 8000
2025-12-04 08:11:52 [INFO]: MongoDB Connected: localhost
2025-12-04 08:11:52 [INFO]: Starting admin user sync...
2025-12-04 08:11:53 [INFO]: Updated admin user: president (president@rotaractclub.com)
2025-12-04 08:11:53 [INFO]: Updated admin user: secretary (senthilragunathan2004@gmail.com)
2025-12-04 08:11:53 [INFO]: Updated admin user: joint_secretary (jointsecretary@rotaractclub.com)
2025-12-04 08:11:54 [INFO]: Updated admin user: treasurer (treasurer@rotaractclub.com)
2025-12-04 08:11:54 [INFO]: Admin user sync completed
2025-12-04 08:11:54 [INFO]: Server running in development mode on port 8000
2025-12-04 08:11:59 [INFO]: MongoDB Connected: localhost
2025-12-04 08:11:59 [INFO]: Starting admin user sync...
2025-12-04 08:11:59 [INFO]: Updated admin user: president (president@rotaractclub.com)
2025-12-04 08:11:59 [INFO]: Updated admin user: secretary (senthilragunathan2004@gmail.com)
2025-12-04 08:12:00 [INFO]: Updated admin user: joint_secretary (jointsecretary@rotaractclub.com)
2025-12-04 08:12:00 [INFO]: Updated admin user: treasurer (treasurer@rotaractclub.com)
2025-12-04 08:12:00 [INFO]: Admin user sync completed
2025-12-04 08:12:00 [INFO]: Server running in development mode on port 8000
2025-12-04 08:12:52 [INFO]: MongoDB Connected: localhost
2025-12-04 08:12:52 [INFO]: Starting admin user sync...
2025-12-04 08:12:52 [INFO]: Updated admin user: president (president@rotaractclub.com)
2025-12-04 08:12:53 [INFO]: Updated admin user: secretary (senthilragunathan2004@gmail.com)
2025-12-04 08:12:53 [INFO]: Updated admin user: joint_secretary (jointsecretary@rotaractclub.com)
2025-12-04 08:12:53 [INFO]: Updated admin user: treasurer (treasurer@rotaractclub.com)
2025-12-04 08:12:53 [INFO]: Admin user sync completed
2025-12-04 08:12:53 [INFO]: Server running in development mode on port 8000
2025-12-04 08:13:06 [INFO]: MongoDB Connected: localhost
2025-12-04 08:13:06 [INFO]: Starting admin user sync...
2025-12-04 08:13:06 [INFO]: Updated admin user: president (president@rotaractclub.com)
2025-12-04 08:13:06 [INFO]: Updated admin user: secretary (senthilragunathan2004@gmail.com)
2025-12-04 08:13:07 [INFO]: Updated admin user: joint_secretary (jointsecretary@rotaractclub.com)
2025-12-04 08:13:07 [INFO]: Updated admin user: treasurer (treasurer@rotaractclub.com)
2025-12-04 08:13:07 [INFO]: Admin user sync completed
2025-12-04 08:13:07 [INFO]: Server running in development mode on port 8000
2025-12-04 08:15:43 [INFO]: MongoDB Connected: localhost
2025-12-04 08:15:43 [INFO]: Starting admin user sync...
2025-12-04 08:15:43 [INFO]: Updated admin user: president (president@rotaractclub.com)
2025-12-04 08:15:43 [ERROR]: Error syncing secretary: User validation failed: email: Please provide a valid email
2025-12-04 08:15:43 [INFO]: Updated admin user: joint_secretary (jointsecretary@rotaractclub.com)
2025-12-04 08:15:44 [INFO]: Updated admin user: treasurer (treasurer@rotaractclub.com)
2025-12-04 08:15:44 [INFO]: Revoked admin status from: senthilragunathan2004@gmail.com (secretary)
2025-12-04 08:15:44 [INFO]: Admin user sync completed
2025-12-04 08:15:44 [INFO]: Server running in development mode on port 8000
2025-12-04 08:17:48 [INFO]: MongoDB Connected: localhost
2025-12-04 08:17:48 [INFO]: Starting admin user sync...
2025-12-04 08:17:49 [INFO]: Updated admin user: president (president@rotaractclub.com)
2025-12-04 08:17:49 [ERROR]: Error syncing secretary: User validation failed: email: Please provide a valid email
2025-12-04 08:17:49 [INFO]: Updated admin user: joint_secretary (jointsecretary@rotaractclub.com)
2025-12-04 08:17:49 [INFO]: Updated admin user: treasurer (treasurer@rotaractclub.com)
2025-12-04 08:17:49 [INFO]: Admin user sync completed
2025-12-04 08:17:49 [INFO]: Server running in development mode on port 8000
2025-12-04 08:18:34 [INFO]: MongoDB Connected: localhost
2025-12-04 08:18:34 [INFO]: Starting admin user sync...
2025-12-04 08:18:35 [INFO]: Updated admin user: president (president@rotaractclub.com)
2025-12-04 08:18:35 [ERROR]: Error syncing secretary: User validation failed: email: Please provide a valid email
2025-12-04 08:18:35 [INFO]: Updated admin user: joint_secretary (jointsecretary@rotaractclub.com)
2025-12-04 08:18:35 [INFO]: Updated admin user: treasurer (treasurer@rotaractclub.com)
2025-12-04 08:18:35 [INFO]: Admin user sync completed
2025-12-04 08:18:35 [INFO]: Server running in development mode on port 8000
2025-12-04 08:19:07 [INFO]: MongoDB Connected: localhost
2025-12-04 08:19:07 [INFO]: Starting admin user sync...
2025-12-04 08:19:07 [INFO]: Updated admin user: president (president@rotaractclub.com)
2025-12-04 08:19:08 [ERROR]: Error syncing secretary: User validation failed: email: Please provide a valid email
2025-12-04 08:19:08 [INFO]: Updated admin user: joint_secretary (jointsecretary@rotaractclub.com)
2025-12-04 08:19:08 [INFO]: Updated admin user: treasurer (treasurer@rotaractclub.com)
2025-12-04 08:19:08 [INFO]: Admin user sync completed
2025-12-04 08:19:08 [INFO]: Server running in development mode on port 8000
2025-12-04 08:20:26 [INFO]: MongoDB Connected: localhost
2025-12-04 08:20:26 [INFO]: Starting admin user sync...
2025-12-04 08:20:26 [INFO]: Updated admin user: president (president@rotaractclub.com)
2025-12-04 08:20:26 [ERROR]: Error syncing secretary: User validation failed: email: Please provide a valid email
2025-12-04 08:20:26 [INFO]: Updated admin user: joint_secretary (jointsecretary@rotaractclub.com)
2025-12-04 08:20:27 [INFO]: Updated admin user: treasurer (treasurer@rotaractclub.com)
2025-12-04 08:20:27 [INFO]: Admin user sync completed
2025-12-04 08:20:27 [INFO]: Server running in development mode on port 8000
2025-12-04 08:24:21 [INFO]: MongoDB Connected: localhost
2025-12-04 08:24:21 [INFO]: Starting admin user sync...
2025-12-04 08:24:22 [INFO]: Updated admin user: president (president@rotaractclub.com)
2025-12-04 08:24:22 [ERROR]: Invalid email format for secretary: senra4444gmail.com
2025-12-04 08:24:22 [INFO]: Updated admin user: joint_secretary (jointsecretary@rotaractclub.com)
2025-12-04 08:24:22 [INFO]: Updated admin user: treasurer (treasurer@rotaractclub.com)
2025-12-04 08:24:22 [INFO]: Admin user sync completed
2025-12-04 08:24:22 [INFO]: Server running in development mode on port 8000
2025-12-04 08:24:42 [INFO]: MongoDB Connected: localhost
2025-12-04 08:24:42 [INFO]: Starting admin user sync...
2025-12-04 08:24:43 [INFO]: Updated admin user: president (president@rotaractclub.com)
2025-12-04 08:24:43 [ERROR]: Invalid email format for secretary: senra4444gmail.com
2025-12-04 08:24:43 [INFO]: Updated admin user: joint_secretary (jointsecretary@rotaractclub.com)
2025-12-04 08:24:43 [INFO]: Updated admin user: treasurer (treasurer@rotaractclub.com)
2025-12-04 08:24:43 [INFO]: Admin user sync completed
2025-12-04 08:24:43 [INFO]: Server running in development mode on port 8000
2025-12-04 08:25:07 [INFO]: MongoDB Connected: localhost
2025-12-04 08:25:07 [INFO]: Starting admin user sync...
2025-12-04 08:25:07 [INFO]: Updated admin user: president (president@rotaractclub.com)
2025-12-04 08:25:07 [ERROR]: Invalid email format for secretary: senra4444gmail.com
2025-12-04 08:25:07 [INFO]: Updated admin user: joint_secretary (jointsecretary@rotaractclub.com)
2025-12-04 08:25:07 [INFO]: Updated admin user: treasurer (treasurer@rotaractclub.com)
2025-12-04 08:25:07 [INFO]: Admin user sync completed
2025-12-04 08:25:07 [INFO]: Server running in development mode on port 8000
2025-12-04 08:25:10 [INFO]: MongoDB Connected: localhost
2025-12-04 08:25:10 [INFO]: Starting admin user sync...
2025-12-04 08:25:11 [INFO]: Updated admin user: president (president@rotaractclub.com)
2025-12-04 08:25:11 [ERROR]: Invalid email format for secretary: senra4444gmail.com
2025-12-04 08:25:11 [INFO]: Updated admin user: joint_secretary (jointsecretary@rotaractclub.com)
2025-12-04 08:25:11 [INFO]: Updated admin user: treasurer (treasurer@rotaractclub.com)
2025-12-04 08:25:11 [INFO]: Admin user sync completed
2025-12-04 08:25:11 [INFO]: Server running in development mode on port 8000
2025-12-04 08:25:34 [INFO]: MongoDB Connected: localhost
2025-12-04 08:25:34 [INFO]: Starting admin user sync...
2025-12-04 08:25:34 [INFO]: Updated admin user: president (president@rotaractclub.com)
2025-12-04 08:25:34 [ERROR]: Invalid email format for secretary: senra4444gmail.com
2025-12-04 08:25:34 [INFO]: Updated admin user: joint_secretary (jointsecretary@rotaractclub.com)
2025-12-04 08:25:35 [INFO]: Updated admin user: treasurer (treasurer@rotaractclub.com)
2025-12-04 08:25:35 [INFO]: Admin user sync completed
2025-12-04 08:25:35 [INFO]: Server running in development mode on port 8000
2025-12-04 08:25:50 [INFO]: MongoDB Connected: localhost
2025-12-04 08:25:50 [INFO]: Starting admin user sync...
2025-12-04 08:25:50 [INFO]: Updated admin user: president (president@rotaractclub.com)
2025-12-04 08:25:50 [ERROR]: Invalid email format for secretary: "senra4444gmail.com" (normalized: "senra4444gmail.com")
2025-12-04 08:25:50 [INFO]: Updated admin user: joint_secretary (jointsecretary@rotaractclub.com)
2025-12-04 08:25:50 [INFO]: Updated admin user: treasurer (treasurer@rotaractclub.com)
2025-12-04 08:25:50 [INFO]: Admin user sync completed
2025-12-04 08:25:50 [INFO]: Server running in development mode on port 8000
2025-12-04 08:26:05 [INFO]: MongoDB Connected: localhost
2025-12-04 08:26:05 [INFO]: Starting admin user sync...
2025-12-04 08:26:05 [INFO]: Updated admin user: president (president@rotaractclub.com)
2025-12-04 08:26:05 [ERROR]: Invalid email format for secretary: "senra4444gmail.com" (normalized: "senra4444gmail.com")
2025-12-04 08:26:05 [INFO]: Updated admin user: joint_secretary (jointsecretary@rotaractclub.com)
2025-12-04 08:26:06 [INFO]: Updated admin user: treasurer (treasurer@rotaractclub.com)
2025-12-04 08:26:06 [INFO]: Admin user sync completed
2025-12-04 08:26:06 [INFO]: Server running in development mode on port 8000
2025-12-04 08:26:48 [INFO]: MongoDB Connected: localhost
2025-12-04 08:26:48 [INFO]: Starting admin user sync...
2025-12-04 08:26:48 [INFO]: Updated admin user: president (president@rotaractclub.com)
2025-12-04 08:26:48 [INFO]: Updated admin user: secretary (senthilragunathan2004@gmail.com)
2025-12-04 08:26:48 [INFO]: Updated admin user: joint_secretary (jointsecretary@rotaractclub.com)
2025-12-04 08:26:49 [INFO]: Updated admin user: treasurer (treasurer@rotaractclub.com)
2025-12-04 08:26:49 [INFO]: Admin user sync completed
2025-12-04 08:26:49 [INFO]: Server running in development mode on port 8000
2025-12-04 08:30:35 [ERROR]: Not Found - /uploads/d3f27937-196a-4bba-8ae2-15b443446b99.jpg - /uploads/d3f27937-196a-4bba-8ae2-15b443446b99.jpg - GET - ::1
2025-12-04 08:30:44 [ERROR]: Not Found - /uploads/d3f27937-196a-4bba-8ae2-15b443446b99.jpg - /uploads/d3f27937-196a-4bba-8ae2-15b443446b99.jpg - GET - ::1
2025-12-04 08:31:09 [ERROR]: Not Found - /uploads/6296fd8b-f0c1-4343-ad8b-6c82efd8180e.jpg - /uploads/6296fd8b-f0c1-4343-ad8b-6c82efd8180e.jpg - GET - ::1
2025-12-04 08:31:13 [ERROR]: Not Found - /uploads/6296fd8b-f0c1-4343-ad8b-6c82efd8180e.jpg - /uploads/6296fd8b-f0c1-4343-ad8b-6c82efd8180e.jpg - GET - ::1
2025-12-04 08:31:35 [INFO]: MongoDB Connected: localhost
2025-12-04 08:31:35 [INFO]: Starting admin user sync...
2025-12-04 08:31:35 [INFO]: Updated admin user: president (president@rotaractclub.com)
2025-12-04 08:31:35 [INFO]: Updated admin user: secretary (senthilragunathan2004@gmail.com)
2025-12-04 08:31:36 [INFO]: Updated admin user: joint_secretary (jointsecretary@rotaractclub.com)
2025-12-04 08:31:36 [INFO]: Updated admin user: treasurer (treasurer@rotaractclub.com)
2025-12-04 08:31:36 [INFO]: Admin user sync completed
2025-12-04 08:31:36 [INFO]: Server running in development mode on port 8000
2025-12-04 08:31:40 [INFO]: MongoDB Connected: localhost
2025-12-04 08:31:40 [INFO]: Starting admin user sync...
2025-12-04 08:31:40 [INFO]: Updated admin user: president (president@rotaractclub.com)
2025-12-04 08:31:40 [INFO]: Updated admin user: secretary (senthilragunathan2004@gmail.com)
2025-12-04 08:31:40 [INFO]: Updated admin user: joint_secretary (jointsecretary@rotaractclub.com)
2025-12-04 08:31:41 [INFO]: Updated admin user: treasurer (treasurer@rotaractclub.com)
2025-12-04 08:31:41 [INFO]: Admin user sync completed
2025-12-04 08:31:41 [INFO]: Server running in development mode on port 8000
2025-12-04 08:44:29 [ERROR]: Not Found - /api/uploads/logos/clubLogo-6c006f3a2e5a61a4627e469e584f27b2.jpeg - /api/uploads/logos/clubLogo-6c006f3a2e5a61a4627e469e584f27b2.jpeg - GET - ::1
2025-12-04 08:44:29 [ERROR]: Not Found - /api/uploads/logos/clubLogo-6c006f3a2e5a61a4627e469e584f27b2.jpeg - /api/uploads/logos/clubLogo-6c006f3a2e5a61a4627e469e584f27b2.jpeg - GET - ::1
2025-12-04 08:44:35 [ERROR]: Not Found - /api/uploads/logos/clubLogo-6c006f3a2e5a61a4627e469e584f27b2.jpeg - /api/uploads/logos/clubLogo-6c006f3a2e5a61a4627e469e584f27b2.jpeg - GET - ::1
2025-12-04 08:44:35 [ERROR]: Not Found - /api/uploads/logos/clubLogo-6c006f3a2e5a61a4627e469e584f27b2.jpeg - /api/uploads/logos/clubLogo-6c006f3a2e5a61a4627e469e584f27b2.jpeg - GET - ::1
2025-12-04 08:46:54 [ERROR]: Not Found - /api/uploads/logos/clubLogo-6c006f3a2e5a61a4627e469e584f27b2.jpeg - /api/uploads/logos/clubLogo-6c006f3a2e5a61a4627e469e584f27b2.jpeg - GET - ::1
2025-12-04 08:46:57 [ERROR]: Not Found - /api/uploads/logos/clubLogo-6c006f3a2e5a61a4627e469e584f27b2.jpeg - /api/uploads/logos/clubLogo-6c006f3a2e5a61a4627e469e584f27b2.jpeg - GET - ::1
2025-12-04 08:46:59 [ERROR]: Not Found - /api/uploads/logos/clubLogo-6c006f3a2e5a61a4627e469e584f27b2.jpeg - /api/uploads/logos/clubLogo-6c006f3a2e5a61a4627e469e584f27b2.jpeg - GET - ::1
2025-12-04 08:47:04 [ERROR]: Not Found - /api/uploads/logos/clubLogo-6c006f3a2e5a61a4627e469e584f27b2.jpeg - /api/uploads/logos/clubLogo-6c006f3a2e5a61a4627e469e584f27b2.jpeg - GET - ::1
2025-12-04 08:47:07 [ERROR]: Not Found - /api/uploads/logos/clubLogo-6c006f3a2e5a61a4627e469e584f27b2.jpeg - /api/uploads/logos/clubLogo-6c006f3a2e5a61a4627e469e584f27b2.jpeg - GET - ::1
2025-12-04 08:47:07 [ERROR]: Not Found - /api/uploads/logos/clubLogo-6c006f3a2e5a61a4627e469e584f27b2.jpeg - /api/uploads/logos/clubLogo-6c006f3a2e5a61a4627e469e584f27b2.jpeg - GET - ::1
2025-12-04 09:11:23 [INFO]: MongoDB Connected: localhost
2025-12-04 09:11:23 [INFO]: Starting admin user sync...
2025-12-04 09:11:23 [INFO]: Updated admin user: president (president@rotaractclub.com)
2025-12-04 09:11:23 [INFO]: Updated admin user: secretary (senthilragunathan2004@gmail.com)
2025-12-04 09:11:24 [INFO]: Updated admin user: joint_secretary (jointsecretary@rotaractclub.com)
2025-12-04 09:11:24 [INFO]: Updated admin user: treasurer (treasurer@rotaractclub.com)
2025-12-04 09:11:24 [INFO]: Admin user sync completed
2025-12-04 09:11:24 [INFO]: Server running in development mode on port 8000
2025-12-04 09:25:16 [INFO]: MongoDB Connected: localhost
2025-12-04 09:25:16 [INFO]: Starting admin user sync...
2025-12-04 09:25:16 [INFO]: Updated admin user: president (president@rotaractclub.com)
2025-12-04 09:25:17 [INFO]: Updated admin user: secretary (senthilragunathan2004@gmail.com)
2025-12-04 09:25:17 [INFO]: Updated admin user: joint_secretary (jointsecretary@rotaractclub.com)
2025-12-04 09:25:17 [INFO]: Updated admin user: treasurer (treasurer@rotaractclub.com)
2025-12-04 09:25:17 [INFO]: Admin user sync completed
2025-12-04 09:25:17 [INFO]: Server running in development mode on port 8000
2025-12-04 09:36:30 [INFO]: MongoDB Connected: localhost
2025-12-04 09:36:30 [INFO]: Starting admin user sync...
2025-12-04 09:36:30 [INFO]: Updated admin user: president (president@rotaractclub.com)
2025-12-04 09:36:31 [INFO]: Updated admin user: secretary (senthilragunathan2004@gmail.com)
2025-12-04 09:36:31 [INFO]: Updated admin user: joint_secretary (jointsecretary@rotaractclub.com)
2025-12-04 09:36:31 [INFO]: Updated admin user: treasurer (treasurer@rotaractclub.com)
2025-12-04 09:36:31 [INFO]: Admin user sync completed
2025-12-04 09:36:31 [INFO]: Server running in development mode on port 8000
2025-12-04 10:11:36 [INFO]: MongoDB Connected: localhost
2025-12-04 10:11:36 [INFO]: Starting admin user sync...
2025-12-04 10:11:36 [INFO]: Updated admin user: president (president@rotaractclub.com)
2025-12-04 10:11:36 [INFO]: Updated admin user: secretary (senthilragunathan2004@gmail.com)
2025-12-04 10:11:37 [INFO]: Updated admin user: joint_secretary (jointsecretary@rotaractclub.com)
2025-12-04 10:11:37 [INFO]: Updated admin user: treasurer (treasurer@rotaractclub.com)
2025-12-04 10:11:37 [INFO]: Admin user sync completed
2025-12-04 10:11:37 [INFO]: Server running in development mode on port 8000
2025-12-04 10:16:07 [INFO]: MongoDB Connected: localhost
2025-12-04 10:16:07 [INFO]: Starting admin user sync...
2025-12-04 10:16:07 [INFO]: Updated admin user: president (president@rotaractclub.com)
2025-12-04 10:16:07 [INFO]: Updated admin user: secretary (senthilragunathan2004@gmail.com)
2025-12-04 10:16:08 [INFO]: Updated admin user: joint_secretary (jointsecretary@rotaractclub.com)
2025-12-04 10:16:08 [INFO]: Updated admin user: treasurer (treasurer@rotaractclub.com)
2025-12-04 10:16:08 [INFO]: Admin user sync completed
2025-12-04 10:16:08 [INFO]: Server running in development mode on port 8000
2025-12-04 11:14:41 [INFO]: Email sent: <b3f5c756-433a-4db9-7048-01cd00ab936f@gmail.com>
2025-12-04 11:14:46 [INFO]: Email sent: <cf924848-5552-b23d-c1d6-74fd703f1c9e@gmail.com>
2025-12-04 11:18:04 [INFO]: Email sent: <2bc1f384-6b83-16e6-cd09-e0c9738523b8@gmail.com>
2025-12-04 11:18:09 [INFO]: Email sent: <f87b28d5-7839-6e1f-26b0-c9be5aa70c10@gmail.com>
2025-12-04 11:18:31 [INFO]: Email sent: <52daffc2-2671-f55a-e6f9-ac247f644dc2@gmail.com>
2025-12-04 13:14:06 [INFO]: MongoDB Connected: localhost
2025-12-04 13:14:06 [INFO]: Starting admin user sync...
2025-12-04 13:14:07 [INFO]: Created admin user: president (president@rotaractclub.com)
2025-12-04 13:14:07 [INFO]: Created admin user: secretary (senthilragunathan2004@gmail.com)
2025-12-04 13:14:08 [INFO]: Created admin user: joint_secretary (jointsecretary@rotaractclub.com)
2025-12-04 13:14:09 [INFO]: Created admin user: treasurer (treasurer@rotaractclub.com)
2025-12-04 13:14:09 [INFO]: Admin user sync completed
2025-12-04 13:14:09 [INFO]: Server running in development mode on port 8000
2025-12-04 13:23:29 [INFO]: Email sent: <7f0c61de-f763-a0ad-dd65-3c118171ef9d@gmail.com>
2025-12-04 13:33:22 [INFO]: Email sent: <3e52cfaf-c131-55e7-3a0c-0c92ba994146@gmail.com>
2025-12-04 13:33:27 [INFO]: Email sent: <fe4d590a-a60f-d3cf-8378-57bf87153750@gmail.com>
2025-12-04 13:34:12 [INFO]: Email sent: <e48ac38a-5c78-1c4b-3c87-691778b713d7@gmail.com>
2025-12-04 13:34:16 [INFO]: Email sent: <5414be82-eae7-6cb2-a4be-2b9fca6506ad@gmail.com>
2025-12-04 13:36:54 [INFO]: Email sent: <0efd6c0b-9091-53df-8859-500d74337a75@gmail.com>
2025-12-04 13:49:28 [INFO]: Email sent: <53220c73-75cd-57b1-b8ae-2a5f12ccc94e@gmail.com>
2025-12-04 14:22:36 [INFO]: MongoDB Connected: localhost
2025-12-04 14:22:36 [INFO]: Starting admin user sync...
2025-12-04 14:22:36 [INFO]: Updated admin user: president (president@rotaractclub.com)
2025-12-04 14:22:37 [INFO]: Updated admin user: secretary (senthilragunathan2004@gmail.com)
2025-12-04 14:22:37 [INFO]: Updated admin user: joint_secretary (jointsecretary@rotaractclub.com)
2025-12-04 14:22:38 [INFO]: Updated admin user: treasurer (joilossia@gmail.com)
2025-12-04 14:22:38 [INFO]: Revoked admin status from: treasurer@rotaractclub.com (treasurer)
2025-12-04 14:22:38 [INFO]: Admin user sync completed
2025-12-04 14:22:38 [INFO]: Server running in development mode on port 8000
2025-12-04 14:23:17 [INFO]: MongoDB Connected: localhost
2025-12-04 14:23:18 [INFO]: Starting admin user sync...
2025-12-04 14:23:18 [INFO]: Updated admin user: president (president@rotaractclub.com)
2025-12-04 14:23:19 [INFO]: Updated admin user: secretary (senthilragunathan2004@gmail.com)
2025-12-04 14:23:19 [INFO]: Updated admin user: joint_secretary (jointsecretary@rotaractclub.com)
2025-12-04 14:23:20 [INFO]: Updated admin user: treasurer (joilossia@gmail.com)
2025-12-04 14:23:20 [INFO]: Admin user sync completed
2025-12-04 14:23:20 [INFO]: Server running in development mode on port 8000
2025-12-04 14:23:23 [INFO]: MongoDB Connected: localhost
2025-12-04 14:23:23 [INFO]: Starting admin user sync...
2025-12-04 14:23:23 [INFO]: Updated admin user: president (president@rotaractclub.com)
2025-12-04 14:23:24 [INFO]: Updated admin user: secretary (senthilragunathan2004@gmail.com)
2025-12-04 14:23:24 [INFO]: Updated admin user: joint_secretary (jointsecretary@rotaractclub.com)
2025-12-04 14:23:25 [INFO]: Updated admin user: treasurer (joilossia@gmail.com)
2025-12-04 14:23:25 [INFO]: Admin user sync completed
2025-12-04 14:23:25 [INFO]: Server running in development mode on port 8000
2025-12-04 14:23:32 [INFO]: MongoDB Connected: localhost
2025-12-04 14:23:32 [INFO]: Starting admin user sync...
2025-12-04 14:23:33 [INFO]: Updated admin user: president (president@rotaractclub.com)
2025-12-04 14:23:33 [INFO]: Updated admin user: secretary (senthilragunathan2004@gmail.com)
2025-12-04 14:23:34 [INFO]: Updated admin user: joint_secretary (jointsecretary@rotaractclub.com)
2025-12-04 14:23:34 [INFO]: Updated admin user: treasurer (joilossia@gmail.com)
2025-12-04 14:23:34 [INFO]: Admin user sync completed
2025-12-04 14:23:34 [INFO]: Server running in development mode on port 8000
2025-12-04 14:24:03 [INFO]: MongoDB Connected: localhost
2025-12-04 14:24:04 [INFO]: Starting admin user sync...
2025-12-04 14:24:04 [INFO]: Updated admin user: president (president@rotaractclub.com)
2025-12-04 14:24:05 [INFO]: Updated admin user: secretary (senthilragunathan2004@gmail.com)
2025-12-04 14:24:05 [INFO]: Updated admin user: joint_secretary (jointsecretary@rotaractclub.com)
2025-12-04 14:24:05 [INFO]: Updated admin user: treasurer (joilossia@gmail.com)
2025-12-04 14:24:05 [INFO]: Admin user sync completed
2025-12-04 14:24:05 [INFO]: Server running in development mode on port 8000
2025-12-04 14:28:50 [INFO]: MongoDB Connected: localhost
2025-12-04 14:28:50 [INFO]: Starting admin user sync...
2025-12-04 14:28:51 [INFO]: Updated admin user: president (president@rotaractclub.com)
2025-12-04 14:28:51 [INFO]: Updated admin user: secretary (senthilragunathan2004@gmail.com)
2025-12-04 14:28:52 [INFO]: Updated admin user: joint_secretary (jointsecretary@rotaractclub.com)
2025-12-04 14:28:52 [INFO]: Updated admin user: treasurer (joilossia@gmail.com)
2025-12-04 14:28:52 [INFO]: Admin user sync completed
2025-12-04 14:28:52 [INFO]: Server running in development mode on port 8000
2025-12-04 14:29:05 [INFO]: MongoDB Connected: localhost
2025-12-04 14:29:05 [INFO]: Starting admin user sync...
2025-12-04 14:29:06 [INFO]: Updated admin user: president (president@rotaractclub.com)
2025-12-04 14:29:06 [INFO]: Updated admin user: secretary (senthilragunathan2004@gmail.com)
2025-12-04 14:29:07 [INFO]: Updated admin user: joint_secretary (jointsecretary@rotaractclub.com)
2025-12-04 14:29:07 [INFO]: Updated admin user: treasurer (joilossia@gmail.com)
2025-12-04 14:29:07 [INFO]: Admin user sync completed
2025-12-04 14:29:07 [INFO]: Server running in development mode on port 8000
2025-12-04 14:31:14 [INFO]: Email sent: <e7dcd5f2-743d-e36c-00ad-9faa599303cc@gmail.com>
2025-12-04 14:33:01 [ERROR]: Add member error: User validation failed: role: `vice_president` is not a valid enum value for path `role`.
2025-12-04 14:34:04 [ERROR]: Add member error: User validation failed: role: `vice_president` is not a valid enum value for path `role`.
2025-12-04 14:34:16 [INFO]: Email sent: <a53f122f-0ffc-fa84-d75a-f976468a673c@gmail.com>
2025-12-04 14:37:22 [INFO]: MongoDB Connected: localhost
2025-12-04 14:37:22 [INFO]: Starting admin user sync...
2025-12-04 14:37:23 [INFO]: Updated admin user: president (president@rotaractclub.com)
2025-12-04 14:37:24 [INFO]: Updated admin user: secretary (senthilragunathan2004@gmail.com)
2025-12-04 14:37:24 [INFO]: Updated admin user: joint_secretary (jointsecretary@rotaractclub.com)
2025-12-04 14:37:25 [INFO]: Updated admin user: treasurer (joilossia@gmail.com)
2025-12-04 14:37:25 [INFO]: Admin user sync completed
2025-12-04 14:37:25 [INFO]: Server running in development mode on port 8000
2025-12-04 14:37:37 [INFO]: MongoDB Connected: localhost
2025-12-04 14:37:37 [INFO]: Starting admin user sync...
2025-12-04 14:37:38 [INFO]: Updated admin user: president (president@rotaractclub.com)
2025-12-04 14:37:38 [INFO]: Updated admin user: secretary (senthilragunathan2004@gmail.com)
2025-12-04 14:37:39 [INFO]: Updated admin user: joint_secretary (jointsecretary@rotaractclub.com)
2025-12-04 14:37:39 [INFO]: Updated admin user: treasurer (joilossia@gmail.com)
2025-12-04 14:37:39 [INFO]: Admin user sync completed
2025-12-04 14:37:39 [INFO]: Server running in development mode on port 8000
2025-12-04 14:38:19 [INFO]: MongoDB Connected: localhost
2025-12-04 14:38:19 [INFO]: Starting admin user sync...
2025-12-04 14:38:20 [INFO]: Updated admin user: president (president@rotaractclub.com)
2025-12-04 14:38:21 [INFO]: Updated admin user: secretary (senthilragunathan2004@gmail.com)
2025-12-04 14:38:21 [INFO]: Updated admin user: joint_secretary (jointsecretary@rotaractclub.com)
2025-12-04 14:38:22 [INFO]: Updated admin user: treasurer (joilossia@gmail.com)
2025-12-04 14:38:22 [INFO]: Admin user sync completed
2025-12-04 14:38:22 [INFO]: Server running in development mode on port 8000
2025-12-04 14:38:39 [INFO]: MongoDB Connected: localhost
2025-12-04 14:38:39 [INFO]: Starting admin user sync...
2025-12-04 14:38:39 [INFO]: Updated admin user: president (president@rotaractclub.com)
2025-12-04 14:38:40 [INFO]: Updated admin user: secretary (senthilragunathan2004@gmail.com)
2025-12-04 14:38:40 [INFO]: Updated admin user: joint_secretary (jointsecretary@rotaractclub.com)
2025-12-04 14:38:41 [INFO]: Updated admin user: treasurer (joilossia@gmail.com)
2025-12-04 14:38:41 [INFO]: Admin user sync completed
2025-12-04 14:38:41 [INFO]: Server running in development mode on port 8000
2025-12-04 14:40:59 [ERROR]: Add member error: User validation failed: role: `vice_president` is not a valid enum value for path `role`.
2025-12-04 14:41:59 [INFO]: MongoDB Connected: localhost
2025-12-04 14:41:59 [INFO]: Starting admin user sync...
2025-12-04 14:41:59 [INFO]: Updated admin user: president (president@rotaractclub.com)
2025-12-04 14:42:00 [INFO]: Updated admin user: secretary (senthilragunathan2004@gmail.com)
2025-12-04 14:42:00 [INFO]: Updated admin user: joint_secretary (jointsecretary@rotaractclub.com)
2025-12-04 14:42:01 [INFO]: Updated admin user: treasurer (joilossia@gmail.com)
2025-12-04 14:42:01 [INFO]: Admin user sync completed
2025-12-04 14:42:01 [INFO]: Server running in development mode on port 8000
2025-12-04 14:42:08 [INFO]: MongoDB Connected: localhost
2025-12-04 14:42:08 [INFO]: Starting admin user sync...
2025-12-04 14:42:09 [INFO]: Updated admin user: president (president@rotaractclub.com)
2025-12-04 14:42:10 [INFO]: Updated admin user: secretary (senthilragunathan2004@gmail.com)
2025-12-04 14:42:10 [INFO]: Updated admin user: joint_secretary (jointsecretary@rotaractclub.com)
2025-12-04 14:42:10 [INFO]: Updated admin user: treasurer (joilossia@gmail.com)
2025-12-04 14:42:10 [INFO]: Admin user sync completed
2025-12-04 14:42:10 [INFO]: Server running in development mode on port 8000
2025-12-04 14:43:51 [INFO]: MongoDB Connected: localhost
2025-12-04 14:43:51 [INFO]: Starting admin user sync...
2025-12-04 14:43:52 [INFO]: Updated admin user: president (president@rotaractclub.com)
2025-12-04 14:43:52 [INFO]: Updated admin user: secretary (senthilragunathan2004@gmail.com)
2025-12-04 14:43:53 [INFO]: Updated admin user: joint_secretary (jointsecretary@rotaractclub.com)
2025-12-04 14:43:54 [INFO]: Updated admin user: treasurer (joilossia@gmail.com)
2025-12-04 14:43:54 [INFO]: Admin user sync completed
2025-12-04 14:43:54 [INFO]: Server running in development mode on port 8000
2025-12-04 14:44:06 [INFO]: MongoDB Connected: localhost
2025-12-04 14:44:06 [INFO]: Starting admin user sync...
2025-12-04 14:44:07 [INFO]: Updated admin user: president (president@rotaractclub.com)
2025-12-04 14:44:07 [INFO]: Updated admin user: secretary (senthilragunathan2004@gmail.com)
2025-12-04 14:44:08 [INFO]: Updated admin user: joint_secretary (jointsecretary@rotaractclub.com)
2025-12-04 14:44:08 [INFO]: Updated admin user: treasurer (joilossia@gmail.com)
2025-12-04 14:44:08 [INFO]: Admin user sync completed
2025-12-04 14:44:08 [INFO]: Server running in development mode on port 8000
2025-12-04 14:45:39 [INFO]: MongoDB Connected: localhost
2025-12-04 14:45:39 [INFO]: Starting admin user sync...
2025-12-04 14:45:40 [INFO]: Updated admin user: president (president@rotaractclub.com)
2025-12-04 14:45:41 [INFO]: Updated admin user: secretary (senthilragunathan2004@gmail.com)
2025-12-04 14:45:41 [INFO]: Updated admin user: joint_secretary (jointsecretary@rotaractclub.com)
2025-12-04 14:45:42 [INFO]: Updated admin user: treasurer (joilossia@gmail.com)
2025-12-04 14:45:42 [INFO]: Admin user sync completed
2025-12-04 14:45:42 [INFO]: Server running in development mode on port 8000
2025-12-04 14:53:34 [INFO]: MongoDB Connected: localhost
2025-12-04 14:53:34 [INFO]: Starting admin user sync...
2025-12-04 14:53:35 [INFO]: Updated admin user: president (president@rotaractclub.com)
2025-12-04 14:53:36 [INFO]: Updated admin user: secretary (senthilragunathan2004@gmail.com)
2025-12-04 14:53:36 [INFO]: Updated admin user: joint_secretary (jointsecretary@rotaractclub.com)
2025-12-04 14:53:37 [INFO]: Updated admin user: treasurer (joilossia@gmail.com)
2025-12-04 14:53:37 [INFO]: Admin user sync completed
2025-12-04 14:53:37 [INFO]: Server running in development mode on port 8000
2025-12-04 14:53:52 [INFO]: MongoDB Connected: localhost
2025-12-04 14:53:52 [INFO]: Starting admin user sync...
2025-12-04 14:53:53 [INFO]: Updated admin user: president (president@rotaractclub.com)
2025-12-04 14:53:54 [INFO]: Updated admin user: secretary (senthilragunathan2004@gmail.com)
2025-12-04 14:53:54 [INFO]: Updated admin user: joint_secretary (jointsecretary@rotaractclub.com)
2025-12-04 14:53:55 [INFO]: Updated admin user: treasurer (joilossia@gmail.com)
2025-12-04 14:53:55 [INFO]: Admin user sync completed
2025-12-04 14:53:55 [INFO]: Server running in development mode on port 8000
2025-12-04 14:53:59 [INFO]: MongoDB Connected: localhost
2025-12-04 14:53:59 [INFO]: Starting admin user sync...
2025-12-04 14:54:00 [INFO]: Updated admin user: president (president@rotaractclub.com)
2025-12-04 14:54:01 [INFO]: Updated admin user: secretary (senthilragunathan2004@gmail.com)
2025-12-04 14:54:01 [INFO]: Updated admin user: joint_secretary (jointsecretary@rotaractclub.com)
2025-12-04 14:54:02 [INFO]: Updated admin user: treasurer (joilossia@gmail.com)
2025-12-04 14:54:02 [INFO]: Admin user sync completed
2025-12-04 14:54:02 [INFO]: Server running in development mode on port 8000
2025-12-04 14:54:06 [INFO]: MongoDB Connected: localhost
2025-12-04 14:54:06 [INFO]: Starting admin user sync...
2025-12-04 14:54:08 [INFO]: Updated admin user: president (president@rotaractclub.com)
2025-12-04 14:54:08 [INFO]: Updated admin user: secretary (senthilragunathan2004@gmail.com)
2025-12-04 14:54:09 [INFO]: Updated admin user: joint_secretary (jointsecretary@rotaractclub.com)
2025-12-04 14:54:09 [INFO]: Updated admin user: treasurer (joilossia@gmail.com)
2025-12-04 14:54:09 [INFO]: Admin user sync completed
2025-12-04 14:54:09 [INFO]: Server running in development mode on port 8000
2025-12-04 14:54:14 [INFO]: MongoDB Connected: localhost
2025-12-04 14:54:14 [INFO]: Starting admin user sync...
2025-12-04 14:54:15 [INFO]: Updated admin user: president (president@rotaractclub.com)
2025-12-04 14:54:15 [INFO]: Updated admin user: secretary (senthilragunathan2004@gmail.com)
2025-12-04 14:54:16 [INFO]: Updated admin user: joint_secretary (jointsecretary@rotaractclub.com)
2025-12-04 14:54:16 [INFO]: Updated admin user: treasurer (joilossia@gmail.com)
2025-12-04 14:54:16 [INFO]: Admin user sync completed
2025-12-04 14:54:16 [INFO]: Server running in development mode on port 8000
2025-12-04 14:54:40 [INFO]: MongoDB Connected: localhost
2025-12-04 14:54:40 [INFO]: Starting admin user sync...
2025-12-04 14:54:40 [INFO]: Updated admin user: president (president@rotaractclub.com)
2025-12-04 14:54:41 [INFO]: Updated admin user: secretary (senthilragunathan2004@gmail.com)
2025-12-04 14:54:41 [INFO]: Updated admin user: joint_secretary (jointsecretary@rotaractclub.com)
2025-12-04 14:54:42 [INFO]: Updated admin user: treasurer (joilossia@gmail.com)
2025-12-04 14:54:42 [INFO]: Admin user sync completed
2025-12-04 14:54:42 [INFO]: Server running in development mode on port 8000
2025-12-04 14:54:51 [INFO]: MongoDB Connected: localhost
2025-12-04 14:54:51 [INFO]: Starting admin user sync...
2025-12-04 14:54:52 [INFO]: Updated admin user: president (president@rotaractclub.com)
2025-12-04 14:54:52 [INFO]: Updated admin user: secretary (senthilragunathan2004@gmail.com)
2025-12-04 14:54:53 [INFO]: Updated admin user: joint_secretary (jointsecretary@rotaractclub.com)
2025-12-04 14:54:54 [INFO]: Updated admin user: treasurer (joilossia@gmail.com)
2025-12-04 14:54:54 [INFO]: Admin user sync completed
2025-12-04 14:54:54 [INFO]: Server running in development mode on port 8000
2025-12-04 14:55:45 [INFO]: MongoDB Connected: localhost
2025-12-04 14:55:45 [INFO]: Starting admin user sync...
2025-12-04 14:55:46 [INFO]: Updated admin user: president (president@rotaractclub.com)
2025-12-04 14:55:46 [INFO]: Updated admin user: secretary (senthilragunathan2004@gmail.com)
2025-12-04 14:55:47 [INFO]: Updated admin user: joint_secretary (jointsecretary@rotaractclub.com)
2025-12-04 14:55:47 [INFO]: Updated admin user: treasurer (joilossia@gmail.com)
2025-12-04 14:55:47 [INFO]: Admin user sync completed
2025-12-04 14:55:47 [INFO]: Server running in development mode on port 8000
2025-12-04 14:59:27 [INFO]: Email sent: <70852920-48bd-7ac0-bd67-148332bfdee0@gmail.com>
2025-12-04 15:00:10 [INFO]: Email sent: <60fa82cc-188f-25da-9de2-743ebc8f361a@gmail.com>
2025-12-04 15:00:51 [INFO]: Email sent: <c7194332-e63d-4081-c47a-5c3997600292@gmail.com>
2025-12-04 15:01:46 [INFO]: Email sent: <b7b05b7f-c1c3-dbcf-a4dd-288f044b8e44@gmail.com>
2025-12-04 15:02:18 [INFO]: Email sent: <5483cbe1-48f8-bceb-04e6-2773c7d36c60@gmail.com>
2025-12-04 15:16:18 [INFO]: MongoDB Connected: localhost
2025-12-04 15:16:18 [INFO]: Starting admin user sync...
2025-12-04 15:16:21 [INFO]: MongoDB Connected: localhost
2025-12-04 15:16:21 [INFO]: Starting admin user sync...
2025-12-04 15:16:21 [INFO]: Updated admin user: president (president@rotaractclub.com)
2025-12-04 15:16:22 [INFO]: Updated admin user: secretary (senthilragunathan2004@gmail.com)
2025-12-04 15:16:23 [INFO]: Updated admin user: treasurer (joilossia@gmail.com)
2025-12-04 15:16:23 [WARN]: Skipping faculty_coordinator: email or password not configured in .env
2025-12-04 15:16:23 [INFO]: Admin user sync completed
2025-12-04 15:16:23 [INFO]: Server running in development mode on port 8000
2025-12-04 15:16:38 [INFO]: MongoDB Connected: localhost
2025-12-04 15:16:38 [INFO]: Starting admin user sync...
2025-12-04 15:16:39 [INFO]: Updated admin user: president (president@rotaractclub.com)
2025-12-04 15:16:39 [INFO]: Updated admin user: secretary (senthilragunathan2004@gmail.com)
2025-12-04 15:16:40 [INFO]: Updated admin user: treasurer (joilossia@gmail.com)
2025-12-04 15:16:40 [WARN]: Skipping faculty_coordinator: email or password not configured in .env
2025-12-04 15:16:40 [INFO]: Admin user sync completed
2025-12-04 15:16:40 [INFO]: Server running in development mode on port 8000
2025-12-04 15:22:33 [INFO]: MongoDB Connected: localhost
2025-12-04 15:22:33 [INFO]: Starting admin user sync...
2025-12-04 15:22:34 [INFO]: Updated admin user: president (president@rotaractclub.com)
2025-12-04 15:22:34 [INFO]: Updated admin user: secretary (senthilragunathan2004@gmail.com)
2025-12-04 15:22:35 [INFO]: Updated admin user: treasurer (joilossia@gmail.com)
2025-12-04 15:22:36 [INFO]: Updated admin user: faculty_coordinator (jointsecretary@rotaractclub.com)
2025-12-04 15:22:36 [INFO]: Admin user sync completed
2025-12-04 15:22:36 [INFO]: Server running in development mode on port 8000
2025-12-04 16:10:30 [INFO]: MongoDB Connected: localhost
2025-12-04 16:10:30 [INFO]: Starting admin user sync...
2025-12-04 16:10:31 [INFO]: Updated admin user: president (president@rotaractclub.com)
2025-12-04 16:10:31 [INFO]: Updated admin user: secretary (senthilragunathan2004@gmail.com)
2025-12-04 16:10:31 [INFO]: Updated admin user: treasurer (joilossia@gmail.com)
2025-12-04 16:10:31 [INFO]: Updated admin user: faculty_coordinator (jointsecretary@rotaractclub.com)
2025-12-04 16:10:31 [INFO]: Revoked admin status from: treasurer@rotaractclub.com (treasurer)
2025-12-04 16:10:31 [INFO]: Admin user sync completed
2025-12-04 16:10:31 [INFO]: Server running in development mode on port 8000
2025-12-04 16:32:11 [ERROR]: Not Found - /uploads/archives/file-f67fa1233d0f99730be7f578e8462d30.pdf - /uploads/archives/file-f67fa1233d0f99730be7f578e8462d30.pdf - GET - ::1
2025-12-04 16:33:38 [INFO]: Add manual expense request body: {"member":"692fbacd9dc8ff4103e6d8ca","event":"69316848f344ff2007b74259","category":"personal_contribution","amount":"20000","date":"2025-03-12","paymentMode":"bank_transfer","description":"","notes":"","status":"approved"}
2025-12-04 16:37:59 [INFO]: Email sent: <08f51f7f-87ee-8b04-2bd8-b506664ef62b@gmail.com>
2025-12-04 16:39:51 [INFO]: Email sent: <375766be-3da2-7100-0309-da6799d4595f@gmail.com>
2025-12-04 16:39:55 [INFO]: Email sent: <272fe471-ec6e-9972-d11c-a649ae229829@gmail.com>
2025-12-04 16:40:37 [INFO]: Email sent: <779433e9-07ad-720f-35f7-6e1a4de4c0b5@gmail.com>
2025-12-04 17:06:15 [INFO]: Email sent: <c2754d31-c537-aa40-a72d-f1813d546f72@gmail.com>
2025-12-04 17:08:31 [INFO]: Add manual expense request body: {"member":"6930945610291ecce479de9c","event":"69316848f344ff2007b74259","category":"personal_contribution","amount":"100000","date":"2025-03-13","paymentMode":"upi","description":"","notes":"","status":"approved"}
2025-12-04 17:21:28 [INFO]: MongoDB Connected: localhost
2025-12-04 17:21:28 [INFO]: Starting admin user sync...
2025-12-04 17:21:28 [INFO]: Updated admin user: president (president@rotaractclub.com)
2025-12-04 17:21:29 [INFO]: Updated admin user: secretary (senthilragunathan2004@gmail.com)
2025-12-04 17:21:29 [INFO]: Updated admin user: treasurer (joilossia@gmail.com)
2025-12-04 17:21:29 [INFO]: Updated admin user: faculty_coordinator (jointsecretary@rotaractclub.com)
2025-12-04 17:21:29 [INFO]: Admin user sync completed
2025-12-04 17:21:29 [INFO]: Server running in development mode on port 8000
2025-12-04 17:24:11 [INFO]: Email sent: <be01323c-88c4-1dbb-d0da-0e29768ddda9@gmail.com>
2025-12-04 17:24:16 [INFO]: Email sent: <c50ac320-b732-4078-5878-985d3a68007a@gmail.com>
2025-12-04 17:24:30 [INFO]: Email sent: <9876bb7b-f43e-22b9-2337-49a3aa2c163b@gmail.com>
2025-12-05 18:32:39 [INFO]: MongoDB Connected: localhost
2025-12-05 18:32:39 [INFO]: Starting admin user sync...
2025-12-05 18:32:39 [INFO]: Updated admin user: president (president@rotaractclub.com)
2025-12-05 18:32:39 [INFO]: Updated admin user: secretary (senthilragunathan2004@gmail.com)
2025-12-05 18:32:39 [INFO]: Updated admin user: treasurer (joilossia@gmail.com)
2025-12-05 18:32:40 [INFO]: Updated admin user: faculty_coordinator (jointsecretary@rotaractclub.com)
2025-12-05 18:32:40 [INFO]: Admin user sync completed
2025-12-05 18:32:40 [INFO]: Server running in development mode on port 8000
2025-12-05 18:38:58 [INFO]: MongoDB Connected: localhost
2025-12-05 18:38:58 [INFO]: Starting admin user sync...
2025-12-05 18:38:58 [INFO]: Updated admin user: president (president@rotaractclub.com)
2025-12-05 18:38:59 [INFO]: Updated admin user: secretary (senthilragunathan2004@gmail.com)
2025-12-05 18:38:59 [INFO]: Updated admin user: treasurer (joilossia@gmail.com)
2025-12-05 18:38:59 [INFO]: Updated admin user: faculty_coordinator (jointsecretary@rotaractclub.com)
2025-12-05 18:38:59 [INFO]: Admin user sync completed
2025-12-05 18:38:59 [INFO]: Server running in development mode on port 8000
2025-12-05 18:42:11 [INFO]: MongoDB Connected: localhost
2025-12-05 18:42:11 [INFO]: Starting admin user sync...
2025-12-05 18:42:11 [INFO]: Updated admin user: president (president@rotaractclub.com)
2025-12-05 18:42:11 [INFO]: Updated admin user: secretary (senthilragunathan2004@gmail.com)
2025-12-05 18:42:11 [INFO]: Updated admin user: treasurer (joilossia@gmail.com)
2025-12-05 18:42:12 [INFO]: Updated admin user: faculty_coordinator (jointsecretary@rotaractclub.com)
2025-12-05 18:42:12 [INFO]: Admin user sync completed
2025-12-05 18:42:12 [INFO]: Server running in development mode on port 8000
2025-12-05 18:48:10 [INFO]: MongoDB Connected: localhost
2025-12-05 18:48:10 [INFO]: Starting admin user sync...
2025-12-05 18:48:10 [INFO]: Updated admin user: president (president@rotaractclub.com)
2025-12-05 18:48:10 [INFO]: Updated admin user: secretary (senthilragunathan2004@gmail.com)
2025-12-05 18:48:11 [INFO]: Updated admin user: treasurer (joilossia@gmail.com)
2025-12-05 18:48:11 [INFO]: Updated admin user: faculty_coordinator (jointsecretary@rotaractclub.com)
2025-12-05 18:48:11 [INFO]: Admin user sync completed
2025-12-05 18:48:11 [INFO]: Server running in development mode on port 8000
2025-12-05 19:02:28 [ERROR]: Not Found - /uploads/c07d100f-20b9-4918-8c49-e463e624f113.jpg - /uploads/c07d100f-20b9-4918-8c49-e463e624f113.jpg - GET - ::1
2025-12-05 19:04:14 [ERROR]: Not Found - /uploads/04ca9832-f028-476a-b7ff-8de7ceae31a9.jpg - /uploads/04ca9832-f028-476a-b7ff-8de7ceae31a9.jpg - GET - ::1
2025-12-05 19:04:14 [ERROR]: Not Found - /uploads/c07d100f-20b9-4918-8c49-e463e624f113.jpg - /uploads/c07d100f-20b9-4918-8c49-e463e624f113.jpg - GET - ::1
2025-12-05 19:04:14 [ERROR]: Not Found - /uploads/dda09c30-154d-4c63-a4ed-db0000ea3808.jpg - /uploads/dda09c30-154d-4c63-a4ed-db0000ea3808.jpg - GET - ::1
2025-12-05 19:04:14 [ERROR]: Not Found - /uploads/dda37726-2a8e-48b2-a7bd-6cb94609bc91.jpg - /uploads/dda37726-2a8e-48b2-a7bd-6cb94609bc91.jpg - GET - ::1
2025-12-05 19:04:14 [ERROR]: Not Found - /uploads/b645dec7-3ea2-4670-b6b5-5d3da07f7ac4.jpg - /uploads/b645dec7-3ea2-4670-b6b5-5d3da07f7ac4.jpg - GET - ::1
2025-12-05 19:04:14 [ERROR]: Not Found - /uploads/161d5301-b68b-4dd0-95a8-388350659b0b.jpg - /uploads/161d5301-b68b-4dd0-95a8-388350659b0b.jpg - GET - ::1
2025-12-05 19:06:59 [ERROR]: Not Found - /uploads/04ca9832-f028-476a-b7ff-8de7ceae31a9.jpg - /uploads/04ca9832-f028-476a-b7ff-8de7ceae31a9.jpg - GET - ::1
2025-12-05 19:06:59 [ERROR]: Not Found - /uploads/c07d100f-20b9-4918-8c49-e463e624f113.jpg - /uploads/c07d100f-20b9-4918-8c49-e463e624f113.jpg - GET - ::1
2025-12-05 19:06:59 [ERROR]: Not Found - /uploads/dda09c30-154d-4c63-a4ed-db0000ea3808.jpg - /uploads/dda09c30-154d-4c63-a4ed-db0000ea3808.jpg - GET - ::1
2025-12-05 19:06:59 [ERROR]: Not Found - /uploads/dda37726-2a8e-48b2-a7bd-6cb94609bc91.jpg - /uploads/dda37726-2a8e-48b2-a7bd-6cb94609bc91.jpg - GET - ::1
2025-12-05 19:06:59 [ERROR]: Not Found - /uploads/b645dec7-3ea2-4670-b6b5-5d3da07f7ac4.jpg - /uploads/b645dec7-3ea2-4670-b6b5-5d3da07f7ac4.jpg - GET - ::1
2025-12-05 19:06:59 [ERROR]: Not Found - /uploads/161d5301-b68b-4dd0-95a8-388350659b0b.jpg - /uploads/161d5301-b68b-4dd0-95a8-388350659b0b.jpg - GET - ::1
2025-12-05 19:07:12 [ERROR]: Not Found - /uploads/04ca9832-f028-476a-b7ff-8de7ceae31a9.jpg - /uploads/04ca9832-f028-476a-b7ff-8de7ceae31a9.jpg - GET - ::1
2025-12-05 19:07:12 [ERROR]: Not Found - /uploads/c07d100f-20b9-4918-8c49-e463e624f113.jpg - /uploads/c07d100f-20b9-4918-8c49-e463e624f113.jpg - GET - ::1
2025-12-05 19:07:12 [ERROR]: Not Found - /uploads/dda09c30-154d-4c63-a4ed-db0000ea3808.jpg - /uploads/dda09c30-154d-4c63-a4ed-db0000ea3808.jpg - GET - ::1
2025-12-05 19:07:12 [ERROR]: Not Found - /uploads/dda37726-2a8e-48b2-a7bd-6cb94609bc91.jpg - /uploads/dda37726-2a8e-48b2-a7bd-6cb94609bc91.jpg - GET - ::1
2025-12-05 19:07:12 [ERROR]: Not Found - /uploads/b645dec7-3ea2-4670-b6b5-5d3da07f7ac4.jpg - /uploads/b645dec7-3ea2-4670-b6b5-5d3da07f7ac4.jpg - GET - ::1
2025-12-05 19:07:12 [ERROR]: Not Found - /uploads/161d5301-b68b-4dd0-95a8-388350659b0b.jpg - /uploads/161d5301-b68b-4dd0-95a8-388350659b0b.jpg - GET - ::1
2025-12-05 19:07:13 [ERROR]: Not Found - /uploads/04ca9832-f028-476a-b7ff-8de7ceae31a9.jpg - /uploads/04ca9832-f028-476a-b7ff-8de7ceae31a9.jpg - GET - ::1
2025-12-05 19:07:13 [ERROR]: Not Found - /uploads/c07d100f-20b9-4918-8c49-e463e624f113.jpg - /uploads/c07d100f-20b9-4918-8c49-e463e624f113.jpg - GET - ::1
2025-12-05 19:07:13 [ERROR]: Not Found - /uploads/dda09c30-154d-4c63-a4ed-db0000ea3808.jpg - /uploads/dda09c30-154d-4c63-a4ed-db0000ea3808.jpg - GET - ::1
2025-12-05 19:07:13 [ERROR]: Not Found - /uploads/dda37726-2a8e-48b2-a7bd-6cb94609bc91.jpg - /uploads/dda37726-2a8e-48b2-a7bd-6cb94609bc91.jpg - GET - ::1
2025-12-05 19:07:13 [ERROR]: Not Found - /uploads/b645dec7-3ea2-4670-b6b5-5d3da07f7ac4.jpg - /uploads/b645dec7-3ea2-4670-b6b5-5d3da07f7ac4.jpg - GET - ::1
2025-12-05 19:07:13 [ERROR]: Not Found - /uploads/161d5301-b68b-4dd0-95a8-388350659b0b.jpg - /uploads/161d5301-b68b-4dd0-95a8-388350659b0b.jpg - GET - ::1
2025-12-05 19:10:05 [ERROR]: Not Found - /api/uploads/c07d100f-20b9-4918-8c49-e463e624f113.jpg%22 - /api/uploads/c07d100f-20b9-4918-8c49-e463e624f113.jpg%22 - GET - ::1
2025-12-05 19:10:05 [ERROR]: Not Found - /favicon.ico - /favicon.ico - GET - ::1
2025-12-05 19:31:22 [ERROR]: Not Found - /api/uploads/04ca9832-f028-476a-b7ff-8de7ceae31a9.jpg - /api/uploads/04ca9832-f028-476a-b7ff-8de7ceae31a9.jpg - GET - ::1
2025-12-05 19:31:22 [ERROR]: Not Found - /api/uploads/c07d100f-20b9-4918-8c49-e463e624f113.jpg - /api/uploads/c07d100f-20b9-4918-8c49-e463e624f113.jpg - GET - ::1
2025-12-05 19:31:22 [ERROR]: Not Found - /api/uploads/dda09c30-154d-4c63-a4ed-db0000ea3808.jpg - /api/uploads/dda09c30-154d-4c63-a4ed-db0000ea3808.jpg - GET - ::1
2025-12-05 19:31:22 [ERROR]: Not Found - /api/uploads/dda37726-2a8e-48b2-a7bd-6cb94609bc91.jpg - /api/uploads/dda37726-2a8e-48b2-a7bd-6cb94609bc91.jpg - GET - ::1
2025-12-05 19:31:22 [ERROR]: Not Found - /api/uploads/b645dec7-3ea2-4670-b6b5-5d3da07f7ac4.jpg - /api/uploads/b645dec7-3ea2-4670-b6b5-5d3da07f7ac4.jpg - GET - ::1
2025-12-05 19:31:22 [ERROR]: Not Found - /api/uploads/161d5301-b68b-4dd0-95a8-388350659b0b.jpg - /api/uploads/161d5301-b68b-4dd0-95a8-388350659b0b.jpg - GET - ::1
2025-12-05 19:31:23 [ERROR]: Not Found - /api/uploads/04ca9832-f028-476a-b7ff-8de7ceae31a9.jpg - /api/uploads/04ca9832-f028-476a-b7ff-8de7ceae31a9.jpg - GET - ::1
2025-12-05 19:31:23 [ERROR]: Not Found - /api/uploads/c07d100f-20b9-4918-8c49-e463e624f113.jpg - /api/uploads/c07d100f-20b9-4918-8c49-e463e624f113.jpg - GET - ::1
2025-12-05 19:31:23 [ERROR]: Not Found - /api/uploads/dda09c30-154d-4c63-a4ed-db0000ea3808.jpg - /api/uploads/dda09c30-154d-4c63-a4ed-db0000ea3808.jpg - GET - ::1
2025-12-05 19:31:23 [ERROR]: Not Found - /api/uploads/b645dec7-3ea2-4670-b6b5-5d3da07f7ac4.jpg - /api/uploads/b645dec7-3ea2-4670-b6b5-5d3da07f7ac4.jpg - GET - ::1
2025-12-05 19:31:23 [ERROR]: Not Found - /api/uploads/dda37726-2a8e-48b2-a7bd-6cb94609bc91.jpg - /api/uploads/dda37726-2a8e-48b2-a7bd-6cb94609bc91.jpg - GET - ::1
2025-12-05 19:31:23 [ERROR]: Not Found - /api/uploads/161d5301-b68b-4dd0-95a8-388350659b0b.jpg - /api/uploads/161d5301-b68b-4dd0-95a8-388350659b0b.jpg - GET - ::1
2025-12-05 19:31:55 [ERROR]: Not Found - /api/uploads/04ca9832-f028-476a-b7ff-8de7ceae31a9.jpg - /api/uploads/04ca9832-f028-476a-b7ff-8de7ceae31a9.jpg - GET - ::1
2025-12-05 19:31:55 [ERROR]: Not Found - /api/uploads/c07d100f-20b9-4918-8c49-e463e624f113.jpg - /api/uploads/c07d100f-20b9-4918-8c49-e463e624f113.jpg - GET - ::1
2025-12-05 19:31:55 [ERROR]: Not Found - /api/uploads/dda09c30-154d-4c63-a4ed-db0000ea3808.jpg - /api/uploads/dda09c30-154d-4c63-a4ed-db0000ea3808.jpg - GET - ::1
2025-12-05 19:31:55 [ERROR]: Not Found - /api/uploads/dda37726-2a8e-48b2-a7bd-6cb94609bc91.jpg - /api/uploads/dda37726-2a8e-48b2-a7bd-6cb94609bc91.jpg - GET - ::1
2025-12-05 19:31:55 [ERROR]: Not Found - /api/uploads/b645dec7-3ea2-4670-b6b5-5d3da07f7ac4.jpg - /api/uploads/b645dec7-3ea2-4670-b6b5-5d3da07f7ac4.jpg - GET - ::1
2025-12-05 19:31:55 [ERROR]: Not Found - /api/uploads/161d5301-b68b-4dd0-95a8-388350659b0b.jpg - /api/uploads/161d5301-b68b-4dd0-95a8-388350659b0b.jpg - GET - ::1
2025-12-05 19:33:25 [ERROR]: Not Found - /api/uploads/04ca9832-f028-476a-b7ff-8de7ceae31a9.jpg - /api/uploads/04ca9832-f028-476a-b7ff-8de7ceae31a9.jpg - GET - ::1
2025-12-05 19:33:45 [ERROR]: Not Found - /api/uploads/c07d100f-20b9-4918-8c49-e463e624f113.jpg - /api/uploads/c07d100f-20b9-4918-8c49-e463e624f113.jpg - GET - ::1
2025-12-05 19:33:45 [ERROR]: Not Found - /api/uploads/dda09c30-154d-4c63-a4ed-db0000ea3808.jpg - /api/uploads/dda09c30-154d-4c63-a4ed-db0000ea3808.jpg - GET - ::1
2025-12-05 19:33:45 [ERROR]: Not Found - /api/uploads/dda37726-2a8e-48b2-a7bd-6cb94609bc91.jpg - /api/uploads/dda37726-2a8e-48b2-a7bd-6cb94609bc91.jpg - GET - ::1
2025-12-05 19:33:45 [ERROR]: Not Found - /api/uploads/b645dec7-3ea2-4670-b6b5-5d3da07f7ac4.jpg - /api/uploads/b645dec7-3ea2-4670-b6b5-5d3da07f7ac4.jpg - GET - ::1
2025-12-05 19:33:45 [ERROR]: Not Found - /api/uploads/161d5301-b68b-4dd0-95a8-388350659b0b.jpg - /api/uploads/161d5301-b68b-4dd0-95a8-388350659b0b.jpg - GET - ::1
2025-12-05 19:34:10 [ERROR]: Not Found - /api/uploads/c07d100f-20b9-4918-8c49-e463e624f113.jpg - /api/uploads/c07d100f-20b9-4918-8c49-e463e624f113.jpg - GET - ::1
2025-12-05 19:34:10 [ERROR]: Not Found - /api/uploads/dda09c30-154d-4c63-a4ed-db0000ea3808.jpg - /api/uploads/dda09c30-154d-4c63-a4ed-db0000ea3808.jpg - GET - ::1
2025-12-05 19:34:10 [ERROR]: Not Found - /api/uploads/dda37726-2a8e-48b2-a7bd-6cb94609bc91.jpg - /api/uploads/dda37726-2a8e-48b2-a7bd-6cb94609bc91.jpg - GET - ::1
2025-12-05 19:34:10 [ERROR]: Not Found - /api/uploads/b645dec7-3ea2-4670-b6b5-5d3da07f7ac4.jpg - /api/uploads/b645dec7-3ea2-4670-b6b5-5d3da07f7ac4.jpg - GET - ::1
2025-12-05 19:34:10 [ERROR]: Not Found - /api/uploads/161d5301-b68b-4dd0-95a8-388350659b0b.jpg - /api/uploads/161d5301-b68b-4dd0-95a8-388350659b0b.jpg - GET - ::1
2025-12-05 19:34:19 [ERROR]: Not Found - /api/uploads/04ca9832-f028-476a-b7ff-8de7ceae31a9.jpg - /api/uploads/04ca9832-f028-476a-b7ff-8de7ceae31a9.jpg - GET - ::1
2025-12-05 19:34:19 [ERROR]: Not Found - /api/uploads/c07d100f-20b9-4918-8c49-e463e624f113.jpg - /api/uploads/c07d100f-20b9-4918-8c49-e463e624f113.jpg - GET - ::1
2025-12-05 19:34:19 [ERROR]: Not Found - /api/uploads/dda09c30-154d-4c63-a4ed-db0000ea3808.jpg - /api/uploads/dda09c30-154d-4c63-a4ed-db0000ea3808.jpg - GET - ::1
2025-12-05 19:34:19 [ERROR]: Not Found - /api/uploads/dda37726-2a8e-48b2-a7bd-6cb94609bc91.jpg - /api/uploads/dda37726-2a8e-48b2-a7bd-6cb94609bc91.jpg - GET - ::1
2025-12-05 19:34:19 [ERROR]: Not Found - /api/uploads/b645dec7-3ea2-4670-b6b5-5d3da07f7ac4.jpg - /api/uploads/b645dec7-3ea2-4670-b6b5-5d3da07f7ac4.jpg - GET - ::1
2025-12-05 19:34:19 [ERROR]: Not Found - /api/uploads/161d5301-b68b-4dd0-95a8-388350659b0b.jpg - /api/uploads/161d5301-b68b-4dd0-95a8-388350659b0b.jpg - GET - ::1
2025-12-05 19:34:37 [ERROR]: Not Found - /api/uploads/04ca9832-f028-476a-b7ff-8de7ceae31a9.jpg - /api/uploads/04ca9832-f028-476a-b7ff-8de7ceae31a9.jpg - GET - ::1
2025-12-05 19:34:37 [ERROR]: Not Found - /api/uploads/c07d100f-20b9-4918-8c49-e463e624f113.jpg - /api/uploads/c07d100f-20b9-4918-8c49-e463e624f113.jpg - GET - ::1
2025-12-05 19:34:37 [ERROR]: Not Found - /api/uploads/dda09c30-154d-4c63-a4ed-db0000ea3808.jpg - /api/uploads/dda09c30-154d-4c63-a4ed-db0000ea3808.jpg - GET - ::1
2025-12-05 19:34:37 [ERROR]: Not Found - /api/uploads/dda37726-2a8e-48b2-a7bd-6cb94609bc91.jpg - /api/uploads/dda37726-2a8e-48b2-a7bd-6cb94609bc91.jpg - GET - ::1
2025-12-05 19:34:37 [ERROR]: Not Found - /api/uploads/b645dec7-3ea2-4670-b6b5-5d3da07f7ac4.jpg - /api/uploads/b645dec7-3ea2-4670-b6b5-5d3da07f7ac4.jpg - GET - ::1
2025-12-05 19:34:37 [ERROR]: Not Found - /api/uploads/161d5301-b68b-4dd0-95a8-388350659b0b.jpg - /api/uploads/161d5301-b68b-4dd0-95a8-388350659b0b.jpg - GET - ::1
2025-12-05 20:34:40 [ERROR]: Create/update board error: Board validation failed: members.6.position: Cast to string failed for value "{ type: 'editor' }" (type Object) at path "position"
2025-12-05 20:56:20 [INFO]: MongoDB Connected: localhost
2025-12-05 20:56:20 [INFO]: Starting admin user sync...
2025-12-05 20:56:20 [INFO]: Updated admin user: president (president@rotaractclub.com)
2025-12-05 20:56:20 [INFO]: Updated admin user: secretary (senthilragunathan2004@gmail.com)
2025-12-05 20:56:20 [INFO]: Updated admin user: treasurer (joilossia@gmail.com)
2025-12-05 20:56:21 [INFO]: Updated admin user: faculty_coordinator (jointsecretary@rotaractclub.com)
2025-12-05 20:56:21 [INFO]: Admin user sync completed
2025-12-05 20:56:21 [INFO]: Server running in development mode on port 8000
2025-12-05 20:56:31 [INFO]: MongoDB Connected: localhost
2025-12-05 20:56:31 [INFO]: Starting admin user sync...
2025-12-05 20:56:31 [INFO]: Updated admin user: president (president@rotaractclub.com)
2025-12-05 20:56:31 [INFO]: Updated admin user: secretary (senthilragunathan2004@gmail.com)
2025-12-05 20:56:31 [INFO]: Updated admin user: treasurer (joilossia@gmail.com)
2025-12-05 20:56:32 [INFO]: Updated admin user: faculty_coordinator (jointsecretary@rotaractclub.com)
2025-12-05 20:56:32 [INFO]: Admin user sync completed
2025-12-05 20:56:32 [INFO]: Server running in development mode on port 8000
2025-12-05 20:57:02 [INFO]: MongoDB Connected: localhost
2025-12-05 20:57:02 [INFO]: Starting admin user sync...
2025-12-05 20:57:02 [INFO]: Updated admin user: president (president@rotaractclub.com)
2025-12-05 20:57:02 [INFO]: Updated admin user: secretary (senthilragunathan2004@gmail.com)
2025-12-05 20:57:03 [INFO]: Updated admin user: treasurer (joilossia@gmail.com)
2025-12-05 20:57:03 [INFO]: Updated admin user: faculty_coordinator (jointsecretary@rotaractclub.com)
2025-12-05 20:57:03 [INFO]: Admin user sync completed
2025-12-05 20:57:03 [INFO]: Server running in development mode on port 8000
2025-12-05 20:57:04 [INFO]: SMTP Server is ready to take our messages
2025-12-05 20:59:24 [ERROR]: Not Found - /api/contact - /api/contact - POST - ::1
2025-12-05 21:00:44 [INFO]: MongoDB Connected: localhost
2025-12-05 21:00:44 [INFO]: Starting admin user sync...
2025-12-05 21:00:45 [INFO]: Updated admin user: president (president@rotaractclub.com)
2025-12-05 21:00:45 [INFO]: Updated admin user: secretary (senthilragunathan2004@gmail.com)
2025-12-05 21:00:45 [INFO]: Updated admin user: treasurer (joilossia@gmail.com)
2025-12-05 21:00:45 [INFO]: Updated admin user: faculty_coordinator (jointsecretary@rotaractclub.com)
2025-12-05 21:00:45 [INFO]: Admin user sync completed
2025-12-05 21:00:45 [INFO]: Server running in development mode on port 8000
2025-12-05 21:03:38 [INFO]: MongoDB Connected: localhost
2025-12-05 21:03:38 [INFO]: Starting admin user sync...
2025-12-05 21:03:39 [INFO]: Updated admin user: president (president@rotaractclub.com)
2025-12-05 21:03:39 [INFO]: Updated admin user: secretary (senthilragunathan2004@gmail.com)
2025-12-05 21:03:39 [INFO]: Updated admin user: treasurer (joilossia@gmail.com)
2025-12-05 21:03:39 [INFO]: Updated admin user: faculty_coordinator (jointsecretary@rotaractclub.com)
2025-12-05 21:03:39 [INFO]: Admin user sync completed
2025-12-05 21:03:39 [INFO]: Server running in development mode on port 8000
2025-12-05 21:03:46 [INFO]: MongoDB Connected: localhost
2025-12-05 21:03:46 [INFO]: Starting admin user sync...
2025-12-05 21:03:46 [INFO]: Updated admin user: president (president@rotaractclub.com)
2025-12-05 21:03:47 [INFO]: Updated admin user: secretary (senthilragunathan2004@gmail.com)
2025-12-05 21:03:47 [INFO]: Updated admin user: treasurer (joilossia@gmail.com)
2025-12-05 21:03:47 [INFO]: Updated admin user: faculty_coordinator (jointsecretary@rotaractclub.com)
2025-12-05 21:03:47 [INFO]: Admin user sync completed
2025-12-05 21:03:47 [INFO]: Server running in development mode on port 8000
2025-12-05 21:03:52 [INFO]: MongoDB Connected: localhost
2025-12-05 21:03:52 [INFO]: Starting admin user sync...
2025-12-05 21:03:53 [INFO]: Updated admin user: president (president@rotaractclub.com)
2025-12-05 21:03:53 [INFO]: Updated admin user: secretary (senthilragunathan2004@gmail.com)
2025-12-05 21:03:53 [INFO]: Updated admin user: treasurer (joilossia@gmail.com)
2025-12-05 21:03:53 [INFO]: Updated admin user: faculty_coordinator (jointsecretary@rotaractclub.com)
2025-12-05 21:03:53 [INFO]: Admin user sync completed
2025-12-05 21:03:53 [INFO]: Server running in development mode on port 8000
2025-12-05 21:05:59 [ERROR]: Not Found - /api/contact - /api/contact - POST - ::1
2025-12-05 21:07:34 [INFO]: MongoDB Connected: localhost
2025-12-05 21:07:34 [INFO]: Starting admin user sync...
2025-12-05 21:07:34 [INFO]: Updated admin user: president (president@rotaractclub.com)
2025-12-05 21:07:34 [INFO]: Updated admin user: secretary (senthilragunathan2004@gmail.com)
2025-12-05 21:07:35 [INFO]: Updated admin user: treasurer (joilossia@gmail.com)
2025-12-05 21:07:35 [INFO]: Updated admin user: faculty_coordinator (jointsecretary@rotaractclub.com)
2025-12-05 21:07:35 [INFO]: Admin user sync completed
2025-12-05 21:07:35 [INFO]: Server running in development mode on port 8000
2025-12-05 21:07:55 [ERROR]: Not Found - /api/contact - /api/contact - POST - ::1
2025-12-05 21:08:13 [ERROR]: Not Found - /api/contact - /api/contact - POST - ::1
2025-12-05 21:08:57 [INFO]: MongoDB Connected: localhost
2025-12-05 21:08:57 [INFO]: Starting admin user sync...
2025-12-05 21:08:58 [INFO]: Updated admin user: president (president@rotaractclub.com)
2025-12-05 21:08:58 [INFO]: Updated admin user: secretary (senthilragunathan2004@gmail.com)
2025-12-05 21:08:58 [INFO]: Updated admin user: treasurer (joilossia@gmail.com)
2025-12-05 21:08:58 [INFO]: Updated admin user: faculty_coordinator (jointsecretary@rotaractclub.com)
2025-12-05 21:08:58 [INFO]: Admin user sync completed
2025-12-05 21:08:58 [INFO]: Server running in development mode on port 8000
2025-12-05 21:20:12 [INFO]: Email sent: <5e0741d6-007e-7360-3799-3adfe4487b5d@gmail.com>
2025-12-05 21:20:16 [INFO]: Email sent: <80ab5296-af7d-d3a5-0cb5-21b60fb828b7@gmail.com>
2025-12-05 21:25:29 [INFO]: Email sent: <e8add02f-83e5-6a2e-3b64-b1bdcd627068@gmail.com>
2025-12-05 21:27:11 [INFO]: Add manual expense request body: {"member":"6931722af344ff2007b75bb2","event":"6933002311f2c428f5d4c9af","category":"accommodation","amount":"1000","date":"2025-03-13","paymentMode":"cash","description":"","notes":"","status":"approved"}
2025-12-05 21:31:01 [INFO]: MongoDB Connected: localhost
2025-12-05 21:31:01 [INFO]: Starting admin user sync...
2025-12-05 21:31:01 [INFO]: Updated admin user: president (president@rotaractclub.com)
2025-12-05 21:31:01 [INFO]: Updated admin user: secretary (senthilragunathan2004@gmail.com)
2025-12-05 21:31:01 [INFO]: Updated admin user: treasurer (joilossia@gmail.com)
2025-12-05 21:31:02 [INFO]: Updated admin user: faculty_coordinator (jointsecretary@rotaractclub.com)
2025-12-05 21:31:02 [INFO]: Admin user sync completed
2025-12-05 21:31:02 [INFO]: Server running in development mode on port 8000
2025-12-05 21:31:12 [INFO]: MongoDB Connected: localhost
2025-12-05 21:31:12 [INFO]: Starting admin user sync...
2025-12-05 21:31:12 [INFO]: Updated admin user: president (president@rotaractclub.com)
2025-12-05 21:31:12 [INFO]: Updated admin user: secretary (senthilragunathan2004@gmail.com)
2025-12-05 21:31:12 [INFO]: Updated admin user: treasurer (joilossia@gmail.com)
2025-12-05 21:31:13 [INFO]: Updated admin user: faculty_coordinator (jointsecretary@rotaractclub.com)
2025-12-05 21:31:13 [INFO]: Admin user sync completed
2025-12-05 21:31:13 [INFO]: Server running in development mode on port 8000
2025-12-05 21:33:11 [INFO]: Email sent: <303dd4ae-1cf7-5553-08b4-83a6c2057e5f@gmail.com>
2025-12-05 21:33:16 [INFO]: Email sent: <cd8836e9-6bfb-5292-1a42-daa1afd1f3d7@gmail.com>
2025-12-05 21:33:32 [INFO]: MongoDB Connected: localhost
2025-12-05 21:33:32 [INFO]: Starting admin user sync...
2025-12-05 21:33:32 [INFO]: Updated admin user: president (president@rotaractclub.com)
2025-12-05 21:33:32 [INFO]: Updated admin user: secretary (senthilragunathan2004@gmail.com)
2025-12-05 21:33:33 [INFO]: Updated admin user: treasurer (joilossia@gmail.com)
2025-12-05 21:33:33 [INFO]: Updated admin user: faculty_coordinator (jointsecretary@rotaractclub.com)
2025-12-05 21:33:33 [INFO]: Admin user sync completed
2025-12-05 21:33:33 [INFO]: Server running in development mode on port 8000
2025-12-05 21:34:07 [INFO]: Email sent: <875ac945-8762-6cd2-4d36-ea3891d8cb7b@gmail.com>
